#
# A fatal error has been detected by the Java Runtime Environment:
#
#  EXCEPTION_ACCESS_VIOLATION (0xc0000005) at pc=0x0000000000000000, pid=14640, tid=29368
#
# JRE version: Java(TM) SE Runtime Environment (15.0.1+9) (build 15.0.1+9-18)
# Java VM: Java HotSpot(TM) 64-Bit Server VM (15.0.1+9-18, mixed mode, sharing, tiered, compressed oops, g1 gc, windows-amd64)
# Problematic frame:
# C  0x0000000000000000
#
# No core dump will be written. Minidumps are not enabled by default on client versions of Windows
#
# If you would like to submit a bug report, please visit:
#   https://bugreport.java.com/bugreport/crash.jsp
# The crash happened outside the Java Virtual Machine in native code.
# See problematic frame for where to report the bug.
#

---------------  S U M M A R Y ------------

Command Line: --module-path=../java3d/1.5.1/lib/ext -javaagent:C:\Program Files\JetBrains\IntelliJ IDEA Community Edition 2020.3.2\lib\idea_rt.jar=54284:C:\Program Files\JetBrains\IntelliJ IDEA Community Edition 2020.3.2\bin -Dfile.encoding=UTF-8 com.company.Main

Host: Intel(R) Core(TM) i5-8250U CPU @ 1.60GHz, 8 cores, 7G,  Windows 10 , 64 bit Build 19041 (10.0.19041.804)
Time: Sun Apr  4 12:55:56 2021 Беларусь (зима) elapsed time: 63.175531 seconds (0d 0h 1m 3s)

---------------  T H R E A D  ---------------

Current thread (0x000002752a2dce50):  JavaThread "J3D-Renderer-1" [_thread_in_native, id=29368, stack(0x000000a46ab00000,0x000000a46ac00000)]

Stack: [0x000000a46ab00000,0x000000a46ac00000],  sp=0x000000a46abfc848,  free space=1010k
Native frames: (J=compiled Java code, j=interpreted, Vv=VM code, C=native code)

Java frames: (J=compiled Java code, j=interpreted, Vv=VM code)
J 1614  javax.media.j3d.NativePipeline.swapBuffers(Ljavax/media/j3d/Canvas3D;JJJ)I (0 bytes) @ 0x000002751a25ce89 [0x000002751a25ce20+0x0000000000000069]
j  javax.media.j3d.NativePipeline.swapBuffers(Ljavax/media/j3d/Canvas3D;Ljavax/media/j3d/Context;JLjavax/media/j3d/Drawable;)I+14
J 1775 c1 javax.media.j3d.Canvas3D.swapBuffers(Ljavax/media/j3d/Context;JLjavax/media/j3d/Drawable;)I (12 bytes) @ 0x0000027513080eb4 [0x0000027513080d40+0x0000000000000174]
J 1260 c1 javax.media.j3d.Renderer.doWork(J)V (6480 bytes) @ 0x0000027512eb7be4 [0x0000027512eb6d60+0x0000000000000e84]
j  javax.media.j3d.J3dThread.run()V+19
v  ~StubRoutines::call_stub

siginfo: EXCEPTION_ACCESS_VIOLATION (0xc0000005), data execution prevention violation at address 0x0000000000000000


Register to memory mapping:

RIP=0x0 is NULL
RAX=0x0 is NULL
RBX=0x00000275b3b61050 points into unknown readable memory: 0x00007ff803b91848 | 48 18 b9 03 f8 7f 00 00
RCX=0x00000275b3b6af40 points into unknown readable memory: 0x0000000000000000 | 00 00 00 00 00 00 00 00
RDX=0x000000a46abfd4f0 is pointing into the stack for thread: 0x000002752a2dce50
RSP=0x000000a46abfc848 is pointing into the stack for thread: 0x000002752a2dce50
RBP=0x000000a46abfd760 is pointing into the stack for thread: 0x000002752a2dce50
RSI=0x00000275b34f3ae8 points into unknown readable memory: 0x00007ff803b8a1d0 | d0 a1 b8 03 f8 7f 00 00
RDI=0x0000027529bff200 points into unknown readable memory: 0x0000000000000010 | 10 00 00 00 00 00 00 00
R8 =0x0 is NULL
R9 =0x0000000000000001 is an unknown value
R10=0x0000000000008000 is an unknown value
R11=0x000000a46abfc780 is pointing into the stack for thread: 0x000002752a2dce50
R12=0x0000027529bff290 points into unknown readable memory: 0x000000000000006c | 6c 00 00 00 00 00 00 00
R13=0x00000275a03d7ce0 points into unknown readable memory: 0x0000000000000000 | 00 00 00 00 00 00 00 00
R14=0x00000275040fb030 points into unknown readable memory: 0x0000000000000000 | 00 00 00 00 00 00 00 00
R15=0x00000275b34f3308 points into unknown readable memory: 0x00007ff803b89b00 | 00 9b b8 03 f8 7f 00 00


Registers:
RAX=0x0000000000000000, RBX=0x00000275b3b61050, RCX=0x00000275b3b6af40, RDX=0x000000a46abfd4f0
RSP=0x000000a46abfc848, RBP=0x000000a46abfd760, RSI=0x00000275b34f3ae8, RDI=0x0000027529bff200
R8 =0x0000000000000000, R9 =0x0000000000000001, R10=0x0000000000008000, R11=0x000000a46abfc780
R12=0x0000027529bff290, R13=0x00000275a03d7ce0, R14=0x00000275040fb030, R15=0x00000275b34f3308
RIP=0x0000000000000000, EFLAGS=0x0000000000010202

Top of Stack: (sp=0x000000a46abfc848)
0x000000a46abfc848:   00007ff8039ee36a 00000000b34f4600
0x000000a46abfc858:   00000275b34f4688 00000275b34f3ae8
0x000000a46abfc868:   0000000300000000 0000000000000000
0x000000a46abfc878:   00007ff803baa0f0 00000275b34f3ed8
0x000000a46abfc888:   000000000000001b 000000a46abfca68
0x000000a46abfc898:   00007ff800000016 00000000000000bf
0x000000a46abfc8a8:   0000000000020019 00000275b37e3700
0x000000a46abfc8b8:   00007ff80a5747b1 0000000000000000
0x000000a46abfc8c8:   0000027508290000 000000a46abfcb00
0x000000a46abfc8d8:   0000000000000000 0000000000000000
0x000000a46abfc8e8:   0000000000000000 0000000000000002
0x000000a46abfc8f8:   00007ff80a566777 000000016abfc988
0x000000a46abfc908:   000000000000010c 0000000000000000
0x000000a46abfc918:   00000275082b7320 000000a46abfcb00
0x000000a46abfc928:   00007ff807fa9515 0000000000000000
0x000000a46abfc938:   0000000000020019 000000a46abfca68 

Instructions: (pc=0x0000000000000000)
0xffffffffffffff00:   


Stack slot to memory mapping:
stack at sp + 0 slots: 0x00007ff8039ee36a d3d11.dll
stack at sp + 1 slots: 
[error occurred during error reporting (inspecting top of stack), id 0xc0000005, EXCEPTION_ACCESS_VIOLATION (0xc0000005) at pc=0x00007fffa5b28542]


---------------  P R O C E S S  ---------------

Threads class SMR info:
_java_thread_list=0x000002752f8ef0d0, length=30, elements={
0x0000027528f618b0, 0x0000027528f62390, 0x0000027528f7b880, 0x0000027528f7e150,
0x0000027528f7ea10, 0x0000027528f82ad0, 0x0000027528f87990, 0x0000027528fba680,
0x0000027528f3ed10, 0x0000027529b5beb0, 0x0000027529cde4a0, 0x000002752a0e5ad0,
0x000002752a204a60, 0x000002752a1b7930, 0x0000027529c08ba0, 0x0000027529f172c0,
0x000002752a2da7d0, 0x000002752a2dbb10, 0x000002752a2dce50, 0x000002752a2ddcc0,
0x000002752a2de190, 0x000002752a2daca0, 0x000002752a2dc4b0, 0x000002752a2db640,
0x000002752a2db170, 0x000002752a2dbfe0, 0x000002752a2dd320, 0x000002752a2dc980,
0x000002752a2dd7f0, 0x000002752a4cee10
}

Java Threads: ( => current thread )
  0x0000027528f618b0 JavaThread "Reference Handler" daemon [_thread_blocked, id=20368, stack(0x000000a469600000,0x000000a469700000)]
  0x0000027528f62390 JavaThread "Finalizer" daemon [_thread_blocked, id=14324, stack(0x000000a469700000,0x000000a469800000)]
  0x0000027528f7b880 JavaThread "Signal Dispatcher" daemon [_thread_blocked, id=11432, stack(0x000000a469800000,0x000000a469900000)]
  0x0000027528f7e150 JavaThread "Attach Listener" daemon [_thread_blocked, id=17620, stack(0x000000a469900000,0x000000a469a00000)]
  0x0000027528f7ea10 JavaThread "Service Thread" daemon [_thread_blocked, id=23836, stack(0x000000a469a00000,0x000000a469b00000)]
  0x0000027528f82ad0 JavaThread "C2 CompilerThread0" daemon [_thread_blocked, id=26284, stack(0x000000a469b00000,0x000000a469c00000)]
  0x0000027528f87990 JavaThread "C1 CompilerThread0" daemon [_thread_blocked, id=17248, stack(0x000000a469c00000,0x000000a469d00000)]
  0x0000027528fba680 JavaThread "Sweeper thread" daemon [_thread_blocked, id=13684, stack(0x000000a469d00000,0x000000a469e00000)]
  0x0000027528f3ed10 JavaThread "Common-Cleaner" daemon [_thread_blocked, id=23028, stack(0x000000a469e00000,0x000000a469f00000)]
  0x0000027529b5beb0 JavaThread "Monitor Ctrl-Break" daemon [_thread_in_native, id=12796, stack(0x000000a46a100000,0x000000a46a200000)]
  0x0000027529cde4a0 JavaThread "Notification Thread" daemon [_thread_blocked, id=30696, stack(0x000000a46a200000,0x000000a46a300000)]
  0x000002752a0e5ad0 JavaThread "Java2D Disposer" daemon [_thread_blocked, id=27056, stack(0x000000a46a400000,0x000000a46a500000)]
  0x000002752a204a60 JavaThread "AWT-Shutdown" [_thread_blocked, id=4724, stack(0x000000a46a500000,0x000000a46a600000)]
  0x000002752a1b7930 JavaThread "AWT-Windows" daemon [_thread_in_native, id=27196, stack(0x000000a46a600000,0x000000a46a700000)]
  0x0000027529c08ba0 JavaThread "J3D-RenderingAttributesStructureUpdateThread" [_thread_blocked, id=16144, stack(0x000000a46a700000,0x000000a46a800000)]
  0x0000027529f172c0 JavaThread "J3D-TimerThread" [_thread_blocked, id=29760, stack(0x000000a46a800000,0x000000a46a900000)]
  0x000002752a2da7d0 JavaThread "J3D-NotificationThread" [_thread_blocked, id=17724, stack(0x000000a46a900000,0x000000a46aa00000)]
  0x000002752a2dbb10 JavaThread "J3D-MasterControl-1" [_thread_blocked, id=3392, stack(0x000000a46aa00000,0x000000a46ab00000)]
=>0x000002752a2dce50 JavaThread "J3D-Renderer-1" [_thread_in_native, id=29368, stack(0x000000a46ab00000,0x000000a46ac00000)]
  0x000002752a2ddcc0 JavaThread "AWT-EventQueue-0" [_thread_blocked, id=3320, stack(0x000000a469f00000,0x000000a46a000000)]
  0x000002752a2de190 JavaThread "DestroyJavaVM" [_thread_blocked, id=3584, stack(0x000000a468f00000,0x000000a469000000)]
  0x000002752a2daca0 JavaThread "J3D-BehaviorStructureUpdateThread-1" [_thread_blocked, id=15780, stack(0x000000a46a000000,0x000000a46a100000)]
  0x000002752a2dc4b0 JavaThread "J3D-GeometryStructureUpdateThread-1" [_thread_blocked, id=23060, stack(0x000000a46ae00000,0x000000a46af00000)]
  0x000002752a2db640 JavaThread "J3D-SoundStructureUpdateThread-1" [_thread_blocked, id=7572, stack(0x000000a46af00000,0x000000a46b000000)]
  0x000002752a2db170 JavaThread "J3D-RenderingEnvironmentStructureUpdateThread-1" [_thread_blocked, id=13300, stack(0x000000a46b000000,0x000000a46b100000)]
  0x000002752a2dbfe0 JavaThread "J3D-TransformStructureUpdateThread-1" [_thread_blocked, id=23416, stack(0x000000a46b100000,0x000000a46b200000)]
  0x000002752a2dd320 JavaThread "J3D-BehaviorScheduler-1" [_thread_blocked, id=29848, stack(0x000000a46b200000,0x000000a46b300000)]
  0x000002752a2dc980 JavaThread "J3D-RenderStructureUpdateThread-1" [_thread_blocked, id=18148, stack(0x000000a46b300000,0x000000a46b400000)]
  0x000002752a2dd7f0 JavaThread "J3D-SoundSchedulerUpdateThread-1" [_thread_blocked, id=13536, stack(0x000000a46b400000,0x000000a46b500000)]
  0x000002752a4cee10 JavaThread "J3D-InputDeviceScheduler-1" [_thread_blocked, id=10328, stack(0x000000a46b500000,0x000000a46b600000)]

Other Threads:
  0x0000027528f5a100 VMThread "VM Thread" [stack: 0x000000a469500000,0x000000a469600000] [id=12660]
  0x0000027529b5c380 WatcherThread [stack: 0x000000a46a300000,0x000000a46a400000] [id=26956]
  0x000002750a4ff580 GCTaskThread "GC Thread#0" [stack: 0x000000a469000000,0x000000a469100000] [id=15280]
  0x0000027529b49ff0 GCTaskThread "GC Thread#1" [stack: 0x000000a46b600000,0x000000a46b700000] [id=25924]
  0x0000027529b4a320 GCTaskThread "GC Thread#2" [stack: 0x000000a46b700000,0x000000a46b800000] [id=8]
  0x0000027529b4acb0 GCTaskThread "GC Thread#3" [stack: 0x000000a46b800000,0x000000a46b900000] [id=4652]
  0x0000027529b4a980 GCTaskThread "GC Thread#4" [stack: 0x000000a46b900000,0x000000a46ba00000] [id=14920]
  0x0000027529b49660 GCTaskThread "GC Thread#5" [stack: 0x000000a46ba00000,0x000000a46bb00000] [id=22444]
  0x0000027529b4c630 GCTaskThread "GC Thread#6" [stack: 0x000000a46bb00000,0x000000a46bc00000] [id=16248]
  0x0000027529b4c300 GCTaskThread "GC Thread#7" [stack: 0x000000a46bc00000,0x000000a46bd00000] [id=28464]
  0x000002750a5113f0 ConcurrentGCThread "G1 Main Marker" [stack: 0x000000a469100000,0x000000a469200000] [id=12400]
  0x000002750a5136a0 ConcurrentGCThread "G1 Conc#0" [stack: 0x000000a469200000,0x000000a469300000] [id=8896]
  0x000002750a59d920 ConcurrentGCThread "G1 Refine#0" [stack: 0x000000a469300000,0x000000a469400000] [id=17232]
  0x000002750a59e2d0 ConcurrentGCThread "G1 Young RemSet Sampling" [stack: 0x000000a469400000,0x000000a469500000] [id=17448]

Threads with active compile tasks:

VM state: not at safepoint (normal execution)

VM Mutex/Monitor currently owned by a thread: None

Heap address: 0x0000000081c00000, size: 2020 MB, Compressed Oops mode: 32-bit
CDS archive(s) mapped at: [0x0000000800000000-0x0000000800b50000-0x0000000800b50000), size 11862016, SharedBaseAddress: 0x0000000800000000, ArchiveRelocationMode: 0.
Compressed class space mapped at: 0x0000000800b50000-0x0000000840b50000, size: 1073741824
Narrow klass base: 0x0000000800000000, Narrow klass shift: 3, Narrow klass range: 0x100000000

GC Precious Log:
 CPUs: 8 total, 8 available
 Memory: 8076M
 Large Page Support: Disabled
 NUMA Support: Disabled
 Compressed Oops: Enabled (32-bit)
 Heap Region Size: 1M
 Heap Min Capacity: 8M
 Heap Initial Capacity: 128M
 Heap Max Capacity: 2020M
 Pre-touch: Disabled
 Parallel Workers: 8
 Concurrent Workers: 2
 Concurrent Refinement Workers: 8
 Periodic GC: Disabled

Heap:
 garbage-first heap   total 131072K, used 10600K [0x0000000081c00000, 0x0000000100000000)
  region size 1024K, 6 young (6144K), 3 survivors (3072K)
 Metaspace       used 12923K, capacity 13058K, committed 13184K, reserved 1060864K
  class space    used 1247K, capacity 1314K, committed 1408K, reserved 1048576K

Heap Regions: E=young(eden), S=young(survivor), O=old, HS=humongous(starts), HC=humongous(continues), CS=collection set, F=free, OA=open archive, CA=closed archive, TAMS=top-at-mark-start (previous, next)
|   0|0x0000000081c00000, 0x0000000081d00000, 0x0000000081d00000|100%|HS|  |TAMS 0x0000000081c00000, 0x0000000081c00000| Complete 
|   1|0x0000000081d00000, 0x0000000081e00000, 0x0000000081e00000|100%|HC|  |TAMS 0x0000000081d00000, 0x0000000081d00000| Complete 
|   2|0x0000000081e00000, 0x0000000081f00000, 0x0000000081f00000|100%|HC|  |TAMS 0x0000000081e00000, 0x0000000081e00000| Complete 
|   3|0x0000000081f00000, 0x0000000082000000, 0x0000000082000000|100%|HC|  |TAMS 0x0000000081f00000, 0x0000000081f00000| Complete 
|   4|0x0000000082000000, 0x0000000082100000, 0x0000000082100000|100%| O|  |TAMS 0x0000000082000000, 0x0000000082000000| Untracked 
|   5|0x0000000082100000, 0x000000008215a200, 0x0000000082200000| 35%| O|  |TAMS 0x0000000082100000, 0x0000000082100000| Untracked 
|   6|0x0000000082200000, 0x0000000082200000, 0x0000000082300000|  0%| F|  |TAMS 0x0000000082200000, 0x0000000082200000| Untracked 
|   7|0x0000000082300000, 0x0000000082300000, 0x0000000082400000|  0%| F|  |TAMS 0x0000000082300000, 0x0000000082300000| Untracked 
|   8|0x0000000082400000, 0x0000000082400000, 0x0000000082500000|  0%| F|  |TAMS 0x0000000082400000, 0x0000000082400000| Untracked 
|   9|0x0000000082500000, 0x0000000082500000, 0x0000000082600000|  0%| F|  |TAMS 0x0000000082500000, 0x0000000082500000| Untracked 
|  10|0x0000000082600000, 0x0000000082600000, 0x0000000082700000|  0%| F|  |TAMS 0x0000000082600000, 0x0000000082600000| Untracked 
|  11|0x0000000082700000, 0x0000000082700000, 0x0000000082800000|  0%| F|  |TAMS 0x0000000082700000, 0x0000000082700000| Untracked 
|  12|0x0000000082800000, 0x0000000082800000, 0x0000000082900000|  0%| F|  |TAMS 0x0000000082800000, 0x0000000082800000| Untracked 
|  13|0x0000000082900000, 0x0000000082900000, 0x0000000082a00000|  0%| F|  |TAMS 0x0000000082900000, 0x0000000082900000| Untracked 
|  14|0x0000000082a00000, 0x0000000082a00000, 0x0000000082b00000|  0%| F|  |TAMS 0x0000000082a00000, 0x0000000082a00000| Untracked 
|  15|0x0000000082b00000, 0x0000000082b00000, 0x0000000082c00000|  0%| F|  |TAMS 0x0000000082b00000, 0x0000000082b00000| Untracked 
|  16|0x0000000082c00000, 0x0000000082c00000, 0x0000000082d00000|  0%| F|  |TAMS 0x0000000082c00000, 0x0000000082c00000| Untracked 
|  17|0x0000000082d00000, 0x0000000082d00000, 0x0000000082e00000|  0%| F|  |TAMS 0x0000000082d00000, 0x0000000082d00000| Untracked 
|  18|0x0000000082e00000, 0x0000000082e00000, 0x0000000082f00000|  0%| F|  |TAMS 0x0000000082e00000, 0x0000000082e00000| Untracked 
|  19|0x0000000082f00000, 0x0000000082f00000, 0x0000000083000000|  0%| F|  |TAMS 0x0000000082f00000, 0x0000000082f00000| Untracked 
|  20|0x0000000083000000, 0x0000000083000000, 0x0000000083100000|  0%| F|  |TAMS 0x0000000083000000, 0x0000000083000000| Untracked 
|  21|0x0000000083100000, 0x0000000083100000, 0x0000000083200000|  0%| F|  |TAMS 0x0000000083100000, 0x0000000083100000| Untracked 
|  22|0x0000000083200000, 0x0000000083200000, 0x0000000083300000|  0%| F|  |TAMS 0x0000000083200000, 0x0000000083200000| Untracked 
|  23|0x0000000083300000, 0x0000000083300000, 0x0000000083400000|  0%| F|  |TAMS 0x0000000083300000, 0x0000000083300000| Untracked 
|  24|0x0000000083400000, 0x0000000083400000, 0x0000000083500000|  0%| F|  |TAMS 0x0000000083400000, 0x0000000083400000| Untracked 
|  25|0x0000000083500000, 0x0000000083500000, 0x0000000083600000|  0%| F|  |TAMS 0x0000000083500000, 0x0000000083500000| Untracked 
|  26|0x0000000083600000, 0x0000000083600000, 0x0000000083700000|  0%| F|  |TAMS 0x0000000083600000, 0x0000000083600000| Untracked 
|  27|0x0000000083700000, 0x0000000083700000, 0x0000000083800000|  0%| F|  |TAMS 0x0000000083700000, 0x0000000083700000| Untracked 
|  28|0x0000000083800000, 0x0000000083800000, 0x0000000083900000|  0%| F|  |TAMS 0x0000000083800000, 0x0000000083800000| Untracked 
|  29|0x0000000083900000, 0x0000000083900000, 0x0000000083a00000|  0%| F|  |TAMS 0x0000000083900000, 0x0000000083900000| Untracked 
|  30|0x0000000083a00000, 0x0000000083a00000, 0x0000000083b00000|  0%| F|  |TAMS 0x0000000083a00000, 0x0000000083a00000| Untracked 
|  31|0x0000000083b00000, 0x0000000083b00000, 0x0000000083c00000|  0%| F|  |TAMS 0x0000000083b00000, 0x0000000083b00000| Untracked 
|  32|0x0000000083c00000, 0x0000000083c00000, 0x0000000083d00000|  0%| F|  |TAMS 0x0000000083c00000, 0x0000000083c00000| Untracked 
|  33|0x0000000083d00000, 0x0000000083d00000, 0x0000000083e00000|  0%| F|  |TAMS 0x0000000083d00000, 0x0000000083d00000| Untracked 
|  34|0x0000000083e00000, 0x0000000083e00000, 0x0000000083f00000|  0%| F|  |TAMS 0x0000000083e00000, 0x0000000083e00000| Untracked 
|  35|0x0000000083f00000, 0x0000000083f00000, 0x0000000084000000|  0%| F|  |TAMS 0x0000000083f00000, 0x0000000083f00000| Untracked 
|  36|0x0000000084000000, 0x0000000084000000, 0x0000000084100000|  0%| F|  |TAMS 0x0000000084000000, 0x0000000084000000| Untracked 
|  37|0x0000000084100000, 0x0000000084100000, 0x0000000084200000|  0%| F|  |TAMS 0x0000000084100000, 0x0000000084100000| Untracked 
|  38|0x0000000084200000, 0x0000000084200000, 0x0000000084300000|  0%| F|  |TAMS 0x0000000084200000, 0x0000000084200000| Untracked 
|  39|0x0000000084300000, 0x0000000084300000, 0x0000000084400000|  0%| F|  |TAMS 0x0000000084300000, 0x0000000084300000| Untracked 
|  40|0x0000000084400000, 0x0000000084400000, 0x0000000084500000|  0%| F|  |TAMS 0x0000000084400000, 0x0000000084400000| Untracked 
|  41|0x0000000084500000, 0x0000000084500000, 0x0000000084600000|  0%| F|  |TAMS 0x0000000084500000, 0x0000000084500000| Untracked 
|  42|0x0000000084600000, 0x0000000084600000, 0x0000000084700000|  0%| F|  |TAMS 0x0000000084600000, 0x0000000084600000| Untracked 
|  43|0x0000000084700000, 0x0000000084700000, 0x0000000084800000|  0%| F|  |TAMS 0x0000000084700000, 0x0000000084700000| Untracked 
|  44|0x0000000084800000, 0x0000000084800000, 0x0000000084900000|  0%| F|  |TAMS 0x0000000084800000, 0x0000000084800000| Untracked 
|  45|0x0000000084900000, 0x0000000084900000, 0x0000000084a00000|  0%| F|  |TAMS 0x0000000084900000, 0x0000000084900000| Untracked 
|  46|0x0000000084a00000, 0x0000000084a00000, 0x0000000084b00000|  0%| F|  |TAMS 0x0000000084a00000, 0x0000000084a00000| Untracked 
|  47|0x0000000084b00000, 0x0000000084b00000, 0x0000000084c00000|  0%| F|  |TAMS 0x0000000084b00000, 0x0000000084b00000| Untracked 
|  48|0x0000000084c00000, 0x0000000084c00000, 0x0000000084d00000|  0%| F|  |TAMS 0x0000000084c00000, 0x0000000084c00000| Untracked 
|  49|0x0000000084d00000, 0x0000000084d00000, 0x0000000084e00000|  0%| F|  |TAMS 0x0000000084d00000, 0x0000000084d00000| Untracked 
|  50|0x0000000084e00000, 0x0000000084e00000, 0x0000000084f00000|  0%| F|  |TAMS 0x0000000084e00000, 0x0000000084e00000| Untracked 
|  51|0x0000000084f00000, 0x0000000084f00000, 0x0000000085000000|  0%| F|  |TAMS 0x0000000084f00000, 0x0000000084f00000| Untracked 
|  52|0x0000000085000000, 0x0000000085000000, 0x0000000085100000|  0%| F|  |TAMS 0x0000000085000000, 0x0000000085000000| Untracked 
|  53|0x0000000085100000, 0x0000000085100000, 0x0000000085200000|  0%| F|  |TAMS 0x0000000085100000, 0x0000000085100000| Untracked 
|  54|0x0000000085200000, 0x0000000085200000, 0x0000000085300000|  0%| F|  |TAMS 0x0000000085200000, 0x0000000085200000| Untracked 
|  55|0x0000000085300000, 0x0000000085300000, 0x0000000085400000|  0%| F|  |TAMS 0x0000000085300000, 0x0000000085300000| Untracked 
|  56|0x0000000085400000, 0x0000000085400000, 0x0000000085500000|  0%| F|  |TAMS 0x0000000085400000, 0x0000000085400000| Untracked 
|  57|0x0000000085500000, 0x0000000085500000, 0x0000000085600000|  0%| F|  |TAMS 0x0000000085500000, 0x0000000085500000| Untracked 
|  58|0x0000000085600000, 0x0000000085600000, 0x0000000085700000|  0%| F|  |TAMS 0x0000000085600000, 0x0000000085600000| Untracked 
|  59|0x0000000085700000, 0x0000000085700000, 0x0000000085800000|  0%| F|  |TAMS 0x0000000085700000, 0x0000000085700000| Untracked 
|  60|0x0000000085800000, 0x0000000085800000, 0x0000000085900000|  0%| F|  |TAMS 0x0000000085800000, 0x0000000085800000| Untracked 
|  61|0x0000000085900000, 0x0000000085900000, 0x0000000085a00000|  0%| F|  |TAMS 0x0000000085900000, 0x0000000085900000| Untracked 
|  62|0x0000000085a00000, 0x0000000085a00000, 0x0000000085b00000|  0%| F|  |TAMS 0x0000000085a00000, 0x0000000085a00000| Untracked 
|  63|0x0000000085b00000, 0x0000000085b00000, 0x0000000085c00000|  0%| F|  |TAMS 0x0000000085b00000, 0x0000000085b00000| Untracked 
|  64|0x0000000085c00000, 0x0000000085c00000, 0x0000000085d00000|  0%| F|  |TAMS 0x0000000085c00000, 0x0000000085c00000| Untracked 
|  65|0x0000000085d00000, 0x0000000085d00000, 0x0000000085e00000|  0%| F|  |TAMS 0x0000000085d00000, 0x0000000085d00000| Untracked 
|  66|0x0000000085e00000, 0x0000000085e00000, 0x0000000085f00000|  0%| F|  |TAMS 0x0000000085e00000, 0x0000000085e00000| Untracked 
|  67|0x0000000085f00000, 0x0000000085f00000, 0x0000000086000000|  0%| F|  |TAMS 0x0000000085f00000, 0x0000000085f00000| Untracked 
|  68|0x0000000086000000, 0x0000000086000000, 0x0000000086100000|  0%| F|  |TAMS 0x0000000086000000, 0x0000000086000000| Untracked 
|  69|0x0000000086100000, 0x0000000086100000, 0x0000000086200000|  0%| F|  |TAMS 0x0000000086100000, 0x0000000086100000| Untracked 
|  70|0x0000000086200000, 0x0000000086200000, 0x0000000086300000|  0%| F|  |TAMS 0x0000000086200000, 0x0000000086200000| Untracked 
|  71|0x0000000086300000, 0x0000000086300000, 0x0000000086400000|  0%| F|  |TAMS 0x0000000086300000, 0x0000000086300000| Untracked 
|  72|0x0000000086400000, 0x0000000086400000, 0x0000000086500000|  0%| F|  |TAMS 0x0000000086400000, 0x0000000086400000| Untracked 
|  73|0x0000000086500000, 0x0000000086500000, 0x0000000086600000|  0%| F|  |TAMS 0x0000000086500000, 0x0000000086500000| Untracked 
|  74|0x0000000086600000, 0x0000000086600000, 0x0000000086700000|  0%| F|  |TAMS 0x0000000086600000, 0x0000000086600000| Untracked 
|  75|0x0000000086700000, 0x0000000086700000, 0x0000000086800000|  0%| F|  |TAMS 0x0000000086700000, 0x0000000086700000| Untracked 
|  76|0x0000000086800000, 0x0000000086800000, 0x0000000086900000|  0%| F|  |TAMS 0x0000000086800000, 0x0000000086800000| Untracked 
|  77|0x0000000086900000, 0x0000000086900000, 0x0000000086a00000|  0%| F|  |TAMS 0x0000000086900000, 0x0000000086900000| Untracked 
|  78|0x0000000086a00000, 0x0000000086a00000, 0x0000000086b00000|  0%| F|  |TAMS 0x0000000086a00000, 0x0000000086a00000| Untracked 
|  79|0x0000000086b00000, 0x0000000086b00000, 0x0000000086c00000|  0%| F|  |TAMS 0x0000000086b00000, 0x0000000086b00000| Untracked 
|  80|0x0000000086c00000, 0x0000000086c00000, 0x0000000086d00000|  0%| F|  |TAMS 0x0000000086c00000, 0x0000000086c00000| Untracked 
|  81|0x0000000086d00000, 0x0000000086d00000, 0x0000000086e00000|  0%| F|  |TAMS 0x0000000086d00000, 0x0000000086d00000| Untracked 
|  82|0x0000000086e00000, 0x0000000086e00000, 0x0000000086f00000|  0%| F|  |TAMS 0x0000000086e00000, 0x0000000086e00000| Untracked 
|  83|0x0000000086f00000, 0x0000000086f00000, 0x0000000087000000|  0%| F|  |TAMS 0x0000000086f00000, 0x0000000086f00000| Untracked 
|  84|0x0000000087000000, 0x0000000087000000, 0x0000000087100000|  0%| F|  |TAMS 0x0000000087000000, 0x0000000087000000| Untracked 
|  85|0x0000000087100000, 0x0000000087100000, 0x0000000087200000|  0%| F|  |TAMS 0x0000000087100000, 0x0000000087100000| Untracked 
|  86|0x0000000087200000, 0x0000000087200000, 0x0000000087300000|  0%| F|  |TAMS 0x0000000087200000, 0x0000000087200000| Untracked 
|  87|0x0000000087300000, 0x0000000087300000, 0x0000000087400000|  0%| F|  |TAMS 0x0000000087300000, 0x0000000087300000| Untracked 
|  88|0x0000000087400000, 0x0000000087400000, 0x0000000087500000|  0%| F|  |TAMS 0x0000000087400000, 0x0000000087400000| Untracked 
|  89|0x0000000087500000, 0x0000000087500000, 0x0000000087600000|  0%| F|  |TAMS 0x0000000087500000, 0x0000000087500000| Untracked 
|  90|0x0000000087600000, 0x0000000087600000, 0x0000000087700000|  0%| F|  |TAMS 0x0000000087600000, 0x0000000087600000| Untracked 
|  91|0x0000000087700000, 0x0000000087700000, 0x0000000087800000|  0%| F|  |TAMS 0x0000000087700000, 0x0000000087700000| Untracked 
|  92|0x0000000087800000, 0x0000000087800000, 0x0000000087900000|  0%| F|  |TAMS 0x0000000087800000, 0x0000000087800000| Untracked 
|  93|0x0000000087900000, 0x0000000087900000, 0x0000000087a00000|  0%| F|  |TAMS 0x0000000087900000, 0x0000000087900000| Untracked 
|  94|0x0000000087a00000, 0x0000000087a00000, 0x0000000087b00000|  0%| F|  |TAMS 0x0000000087a00000, 0x0000000087a00000| Untracked 
|  95|0x0000000087b00000, 0x0000000087b00000, 0x0000000087c00000|  0%| F|  |TAMS 0x0000000087b00000, 0x0000000087b00000| Untracked 
|  96|0x0000000087c00000, 0x0000000087c00000, 0x0000000087d00000|  0%| F|  |TAMS 0x0000000087c00000, 0x0000000087c00000| Untracked 
|  97|0x0000000087d00000, 0x0000000087d00000, 0x0000000087e00000|  0%| F|  |TAMS 0x0000000087d00000, 0x0000000087d00000| Untracked 
|  98|0x0000000087e00000, 0x0000000087e00000, 0x0000000087f00000|  0%| F|  |TAMS 0x0000000087e00000, 0x0000000087e00000| Untracked 
|  99|0x0000000087f00000, 0x0000000087f00000, 0x0000000088000000|  0%| F|  |TAMS 0x0000000087f00000, 0x0000000087f00000| Untracked 
| 100|0x0000000088000000, 0x0000000088000000, 0x0000000088100000|  0%| F|  |TAMS 0x0000000088000000, 0x0000000088000000| Untracked 
| 101|0x0000000088100000, 0x0000000088100000, 0x0000000088200000|  0%| F|  |TAMS 0x0000000088100000, 0x0000000088100000| Untracked 
| 102|0x0000000088200000, 0x0000000088300000, 0x0000000088300000|100%| S|CS|TAMS 0x0000000088200000, 0x0000000088200000| Complete 
| 103|0x0000000088300000, 0x0000000088400000, 0x0000000088400000|100%| S|CS|TAMS 0x0000000088300000, 0x0000000088300000| Complete 
| 104|0x0000000088400000, 0x0000000088500000, 0x0000000088500000|100%| S|CS|TAMS 0x0000000088400000, 0x0000000088400000| Complete 
| 105|0x0000000088500000, 0x0000000088500000, 0x0000000088600000|  0%| F|  |TAMS 0x0000000088500000, 0x0000000088500000| Untracked 
| 106|0x0000000088600000, 0x0000000088600000, 0x0000000088700000|  0%| F|  |TAMS 0x0000000088600000, 0x0000000088600000| Untracked 
| 107|0x0000000088700000, 0x0000000088700000, 0x0000000088800000|  0%| F|  |TAMS 0x0000000088700000, 0x0000000088700000| Untracked 
| 108|0x0000000088800000, 0x0000000088800000, 0x0000000088900000|  0%| F|  |TAMS 0x0000000088800000, 0x0000000088800000| Untracked 
| 109|0x0000000088900000, 0x0000000088900000, 0x0000000088a00000|  0%| F|  |TAMS 0x0000000088900000, 0x0000000088900000| Untracked 
| 110|0x0000000088a00000, 0x0000000088a00000, 0x0000000088b00000|  0%| F|  |TAMS 0x0000000088a00000, 0x0000000088a00000| Untracked 
| 111|0x0000000088b00000, 0x0000000088b00000, 0x0000000088c00000|  0%| F|  |TAMS 0x0000000088b00000, 0x0000000088b00000| Untracked 
| 112|0x0000000088c00000, 0x0000000088c00000, 0x0000000088d00000|  0%| F|  |TAMS 0x0000000088c00000, 0x0000000088c00000| Untracked 
| 113|0x0000000088d00000, 0x0000000088d00000, 0x0000000088e00000|  0%| F|  |TAMS 0x0000000088d00000, 0x0000000088d00000| Untracked 
| 114|0x0000000088e00000, 0x0000000088e00000, 0x0000000088f00000|  0%| F|  |TAMS 0x0000000088e00000, 0x0000000088e00000| Untracked 
| 115|0x0000000088f00000, 0x0000000088f00000, 0x0000000089000000|  0%| F|  |TAMS 0x0000000088f00000, 0x0000000088f00000| Untracked 
| 116|0x0000000089000000, 0x0000000089000000, 0x0000000089100000|  0%| F|  |TAMS 0x0000000089000000, 0x0000000089000000| Untracked 
| 117|0x0000000089100000, 0x0000000089100000, 0x0000000089200000|  0%| F|  |TAMS 0x0000000089100000, 0x0000000089100000| Untracked 
| 118|0x0000000089200000, 0x0000000089200000, 0x0000000089300000|  0%| F|  |TAMS 0x0000000089200000, 0x0000000089200000| Untracked 
| 119|0x0000000089300000, 0x0000000089300000, 0x0000000089400000|  0%| F|  |TAMS 0x0000000089300000, 0x0000000089300000| Untracked 
| 120|0x0000000089400000, 0x0000000089400000, 0x0000000089500000|  0%| F|  |TAMS 0x0000000089400000, 0x0000000089400000| Untracked 
| 121|0x0000000089500000, 0x0000000089500000, 0x0000000089600000|  0%| F|  |TAMS 0x0000000089500000, 0x0000000089500000| Untracked 
| 122|0x0000000089600000, 0x0000000089600000, 0x0000000089700000|  0%| F|  |TAMS 0x0000000089600000, 0x0000000089600000| Untracked 
| 123|0x0000000089700000, 0x0000000089700000, 0x0000000089800000|  0%| F|  |TAMS 0x0000000089700000, 0x0000000089700000| Untracked 
| 124|0x0000000089800000, 0x0000000089800000, 0x0000000089900000|  0%| F|  |TAMS 0x0000000089800000, 0x0000000089800000| Untracked 
| 125|0x0000000089900000, 0x00000000899ee730, 0x0000000089a00000| 93%| E|  |TAMS 0x0000000089900000, 0x0000000089900000| Complete 
| 126|0x0000000089a00000, 0x0000000089b00000, 0x0000000089b00000|100%| E|CS|TAMS 0x0000000089a00000, 0x0000000089a00000| Complete 
| 127|0x0000000089b00000, 0x0000000089c00000, 0x0000000089c00000|100%| E|CS|TAMS 0x0000000089b00000, 0x0000000089b00000| Complete 

Card table byte_map: [0x0000027521e30000,0x0000027522230000] _byte_map_base: 0x0000027521a22000

Marking Bits (Prev, Next): (CMBitMap*) 0x000002750a500d10, (CMBitMap*) 0x000002750a500d50
 Prev Bits: [0x0000027522630000, 0x00000275245c0000)
 Next Bits: [0x00000275245c0000, 0x0000027526550000)

Polling page: 0x0000027509ca0000

Metaspace:

Usage:
  Non-class:     11.47 MB capacity,    11.40 MB (>99%) used,    51.66 KB ( <1%) free+waste,    15.50 KB ( <1%) overhead. 
      Class:      1.28 MB capacity,     1.22 MB ( 95%) used,    61.34 KB (  5%) free+waste,     5.50 KB ( <1%) overhead. 
       Both:     12.75 MB capacity,    12.62 MB ( 99%) used,   113.01 KB ( <1%) free+waste,    21.00 KB ( <1%) overhead. 

Virtual space:
  Non-class space:       12.00 MB reserved,      11.50 MB ( 96%) committed 
      Class space:        1.00 GB reserved,       1.38 MB ( <1%) committed 
             Both:        1.01 GB reserved,      12.88 MB (  1%) committed 

Chunk freelists:
   Non-Class:  32.00 KB
       Class:  30.00 KB
        Both:  62.00 KB

MaxMetaspaceSize: 17179869184.00 GB
CompressedClassSpaceSize: 1.00 GB

CodeHeap 'non-profiled nmethods': size=120000Kb used=612Kb max_used=612Kb free=119387Kb
 bounds [0x000002751a1d0000, 0x000002751a440000, 0x0000027521700000]
CodeHeap 'profiled nmethods': size=120000Kb used=3981Kb max_used=3981Kb free=116018Kb
 bounds [0x0000027512ca0000, 0x0000027513090000, 0x000002751a1d0000]
CodeHeap 'non-nmethods': size=5760Kb used=1385Kb max_used=1426Kb free=4374Kb
 bounds [0x0000027512700000, 0x0000027512970000, 0x0000027512ca0000]
 total_blobs=2476 nmethods=1783 adapters=605
 compilation: enabled
              stopped_count=0, restarted_count=0
 full_count=0

Compilation events (20 events):
Event: 53.356 Thread 0x0000027528f87990 1779       3       com.company.Main::keyTyped (1 bytes)
Event: 53.356 Thread 0x0000027528f87990 nmethod 1779 0x0000027513081c10 code [0x0000027513081da0, 0x0000027513081e98]
Event: 55.036 Thread 0x0000027528f82ad0 1780       4       sun.util.logging.internal.LoggingProviderImpl$JULWrapper::toJUL (40 bytes)
Event: 55.085 Thread 0x0000027528f82ad0 nmethod 1780 0x000002751a266310 code [0x000002751a266480, 0x000002751a2664f8]
Event: 55.086 Thread 0x0000027528f82ad0 1781       4       sun.util.logging.internal.LoggingProviderImpl$JULWrapper::isLoggable (12 bytes)
Event: 55.092 Thread 0x0000027528f82ad0 nmethod 1781 0x000002751a266610 code [0x000002751a2667a0, 0x000002751a266898]
Event: 56.023 Thread 0x0000027528f82ad0 1782       4       javax.media.j3d.NativePipeline::updateMaterial (46 bytes)
Event: 56.026 Thread 0x0000027528f82ad0 nmethod 1782 0x000002751a266a10 code [0x000002751a266ba0, 0x000002751a266dc8]
Event: 56.115 Thread 0x0000027528f87990 1783       3       javax.media.j3d.NativePipeline::updateDirectionalLight (22 bytes)
Event: 56.116 Thread 0x0000027528f87990 nmethod 1783 0x0000027513081f10 code [0x00000275130820c0, 0x00000275130823c8]
Event: 59.778 Thread 0x0000027528f82ad0 1785       4       javax.media.j3d.BoundingBox::intersect (536 bytes)
Event: 59.783 Thread 0x0000027528f82ad0 nmethod 1785 0x000002751a267390 code [0x000002751a267520, 0x000002751a267958]
Event: 62.460 Thread 0x0000027528f87990 1786       3       javax.media.j3d.UpdateTargets::addNodeArray (34 bytes)
Event: 62.462 Thread 0x0000027528f87990 nmethod 1786 0x0000027513082510 code [0x0000027513082720, 0x0000027513082ed8]
Event: 62.524 Thread 0x0000027528f82ad0 1787 %     4       javax.media.j3d.Transform3D::luDecomposition @ 103 (482 bytes)
Event: 62.549 Thread 0x0000027528f82ad0 nmethod 1787% 0x000002751a267b90 code [0x000002751a267d80, 0x000002751a2688d8]
Event: 62.587 Thread 0x0000027528f87990 1788       3       javax.vecmath.Vector3d::<init> (5 bytes)
Event: 62.587 Thread 0x0000027528f87990 nmethod 1788 0x0000027513083190 code [0x0000027513083340, 0x0000027513083518]
Event: 62.997 Thread 0x0000027528f82ad0 1789       4       java.awt.Container::getFocusTraversalKeys (26 bytes)
Event: 62.999 Thread 0x0000027528f82ad0 nmethod 1789 0x000002751a269010 code [0x000002751a2691a0, 0x000002751a269278]

GC Heap History (2 events):
Event: 3.480 GC heap before
{Heap before GC invocations=0 (full 0):
 garbage-first heap   total 131072K, used 26624K [0x0000000081c00000, 0x0000000100000000)
  region size 1024K, 23 young (23552K), 0 survivors (0K)
 Metaspace       used 12203K, capacity 12353K, committed 12672K, reserved 1060864K
  class space    used 1245K, capacity 1314K, committed 1408K, reserved 1048576K
}
Event: 3.487 GC heap after
{Heap after GC invocations=1 (full 0):
 garbage-first heap   total 131072K, used 8552K [0x0000000081c00000, 0x0000000100000000)
  region size 1024K, 3 young (3072K), 3 survivors (3072K)
 Metaspace       used 12203K, capacity 12353K, committed 12672K, reserved 1060864K
  class space    used 1245K, capacity 1314K, committed 1408K, reserved 1048576K
}

Deoptimization events (20 events):
Event: 1.438 Thread 0x000002750a4bf6e0 Uncommon trap: trap_request=0xffffff45 fr.pc=0x000002751a1e05d8 relative=0x0000000000000058
Event: 1.438 Thread 0x000002750a4bf6e0 Uncommon trap: reason=unstable_if action=reinterpret pc=0x000002751a1e05d8 method=java.lang.String.isLatin1()Z @ 10 c2
Event: 1.438 Thread 0x000002750a4bf6e0 DEOPT PACKING pc=0x000002751a1e05d8 sp=0x000000a468ffd190
Event: 1.438 Thread 0x000002750a4bf6e0 DEOPT UNPACKING pc=0x000002751274e42f sp=0x000000a468ffd120 mode 2
Event: 4.788 Thread 0x000002752a2dce50 Uncommon trap: trap_request=0xffffff45 fr.pc=0x000002751a23c314 relative=0x00000000000004d4
Event: 4.788 Thread 0x000002752a2dce50 Uncommon trap: reason=unstable_if action=reinterpret pc=0x000002751a23c314 method=javax.media.j3d.BoundingBox.intersect(Ljavax/media/j3d/CachedFrustum;)Z @ 238 c2
Event: 4.788 Thread 0x000002752a2dce50 DEOPT PACKING pc=0x000002751a23c314 sp=0x000000a46abfe820
Event: 4.788 Thread 0x000002752a2dce50 DEOPT UNPACKING pc=0x000002751274e42f sp=0x000000a46abfe7b0 mode 2
Event: 22.400 Thread 0x000002752a2dd320 Uncommon trap: trap_request=0xffffff45 fr.pc=0x000002751a2528d0 relative=0x0000000000000250
Event: 22.400 Thread 0x000002752a2dd320 Uncommon trap: reason=unstable_if action=reinterpret pc=0x000002751a2528d0 method=javax.media.j3d.UnorderList.toArray(Z)[Ljava/lang/Object; @ 8 c2
Event: 22.400 Thread 0x000002752a2dd320 DEOPT PACKING pc=0x000002751a2528d0 sp=0x000000a46b2feff0
Event: 22.400 Thread 0x000002752a2dd320 DEOPT UNPACKING pc=0x000002751274e42f sp=0x000000a46b2fef90 mode 2
Event: 47.783 Thread 0x000002752a2dce50 Uncommon trap: trap_request=0xffffff45 fr.pc=0x000002751a243fa4 relative=0x0000000000000464
Event: 47.783 Thread 0x000002752a2dce50 Uncommon trap: reason=unstable_if action=reinterpret pc=0x000002751a243fa4 method=javax.media.j3d.BoundingBox.intersect(Ljavax/media/j3d/CachedFrustum;)Z @ 69 c2
Event: 47.783 Thread 0x000002752a2dce50 DEOPT PACKING pc=0x000002751a243fa4 sp=0x000000a46abfe910
Event: 47.784 Thread 0x000002752a2dce50 DEOPT UNPACKING pc=0x000002751274e42f sp=0x000000a46abfe8a0 mode 2
Event: 52.047 Thread 0x000002752a2dce50 Uncommon trap: trap_request=0xffffff45 fr.pc=0x000002751a260290 relative=0x00000000000002f0
Event: 52.048 Thread 0x000002752a2dce50 Uncommon trap: reason=unstable_if action=reinterpret pc=0x000002751a260290 method=javax.media.j3d.BoundingBox.intersect(Ljavax/media/j3d/CachedFrustum;)Z @ 87 c2
Event: 52.048 Thread 0x000002752a2dce50 DEOPT PACKING pc=0x000002751a260290 sp=0x000000a46abfe910
Event: 52.048 Thread 0x000002752a2dce50 DEOPT UNPACKING pc=0x000002751274e42f sp=0x000000a46abfe8a0 mode 2

Classes unloaded (0 events):
No events

Classes redefined (0 events):
No events

Internal exceptions (19 events):
Event: 0.164 Thread 0x000002750a4bf6e0 Exception <a 'sun/nio/fs/WindowsException'{0x0000000089bda860}> (0x0000000089bda860) 
thrown [./open/src/hotspot/share/prims/jni.cpp, line 578]
Event: 0.164 Thread 0x000002750a4bf6e0 Exception <a 'sun/nio/fs/WindowsException'{0x0000000089bdad50}> (0x0000000089bdad50) 
thrown [./open/src/hotspot/share/prims/jni.cpp, line 578]
Event: 0.334 Thread 0x0000027529b5beb0 Exception <a 'java/lang/NoSuchMethodError'{0x0000000089708aa0}: 'java.lang.Object java.lang.invoke.DirectMethodHandle$Holder.invokeStatic(java.lang.Object)'> (0x0000000089708aa0) 
thrown [./open/src/hotspot/share/interpreter/linkResolver.cpp, line 782]
Event: 0.335 Thread 0x0000027529b5beb0 Exception <a 'java/lang/NoSuchMethodError'{0x000000008970c3b0}: 'java.lang.Object java.lang.invoke.DirectMethodHandle$Holder.invokeStaticInit(java.lang.Object)'> (0x000000008970c3b0) 
thrown [./open/src/hotspot/share/interpreter/linkResolver.cpp, line 782]
Event: 0.347 Thread 0x0000027529b5beb0 Exception <a 'java/lang/NoSuchMethodError'{0x0000000089719758}: 'void java.lang.invoke.DirectMethodHandle$Holder.invokeStatic(java.lang.Object, java.lang.Object)'> (0x0000000089719758) 
thrown [./open/src/hotspot/share/interpreter/linkResolver.cpp, line 782]
Event: 0.370 Thread 0x000002750a4bf6e0 Exception <a 'java/lang/NoSuchMethodError'{0x0000000089655c38}: 'void java.lang.invoke.DirectMethodHandle$Holder.invokeStaticInit(java.lang.Object, java.lang.Object)'> (0x0000000089655c38) 
thrown [./open/src/hotspot/share/interpreter/linkResolver.cpp, line 782]
Event: 0.452 Thread 0x000002750a4bf6e0 Exception <a 'java/lang/NoSuchMethodError'{0x00000000895cb7b8}: 'void java.lang.invoke.DirectMethodHandle$Holder.invokeSpecial(java.lang.Object, java.lang.Object, java.lang.Object)'> (0x00000000895cb7b8) 
thrown [./open/src/hotspot/share/interpreter/linkResolver.cpp, line 782]
Event: 0.469 Thread 0x000002750a4bf6e0 Exception <a 'java/lang/ClassNotFoundException'{0x00000000895e1650}: sun/awt/resources/spi/awtProvider> (0x00000000895e1650) 
thrown [./open/src/hotspot/share/classfile/systemDictionary.cpp, line 295]
Event: 0.509 Thread 0x000002750a4bf6e0 Exception <a 'java/io/FileNotFoundException'{0x000000008942f600}> (0x000000008942f600) 
thrown [./open/src/hotspot/share/prims/jni.cpp, line 578]
Event: 0.519 Thread 0x000002750a4bf6e0 Exception <a 'java/io/FileNotFoundException'{0x000000008945e018}> (0x000000008945e018) 
thrown [./open/src/hotspot/share/prims/jni.cpp, line 578]
Event: 0.652 Thread 0x000002750a4bf6e0 Exception <a 'java/lang/NoSuchMethodError'{0x000000008932d120}: 'java.lang.Object java.lang.invoke.DirectMethodHandle$Holder.newInvokeSpecial(java.lang.Object, java.lang.Object, java.lang.Object, java.lang.Object, java.lang.Object)'> (0x000000008932d120) 
thrown [./open/src/hotspot/share/interpreter/linkResolver.cpp, line 782]
Event: 0.655 Thread 0x000002750a4bf6e0 Exception <a 'java/lang/NoSuchMethodError'{0x0000000089338bb0}: 'java.lang.Object java.lang.invoke.DirectMethodHandle$Holder.invokeStatic(java.lang.Object, int, java.lang.Object, java.lang.Object, java.lang.Object, java.lang.Object)'> (0x0000000089338bb0) 
thrown [./open/src/hotspot/share/interpreter/linkResolver.cpp, line 782]
Event: 0.665 Thread 0x000002750a4bf6e0 Exception <a 'java/lang/NoSuchMethodError'{0x000000008935ee28}: 'java.lang.Object java.lang.invoke.DirectMethodHandle$Holder.invokeStatic(java.lang.Object, int, java.lang.Object)'> (0x000000008935ee28) 
thrown [./open/src/hotspot/share/interpreter/linkResolver.cpp, line 782]
Event: 0.722 Thread 0x000002750a4bf6e0 Exception <a 'java/lang/ClassNotFoundException'{0x0000000089216f30}: com/sun/swing/internal/plaf/metal/resources/spi/metalProvider> (0x0000000089216f30) 
thrown [./open/src/hotspot/share/classfile/systemDictionary.cpp, line 295]
Event: 0.724 Thread 0x000002750a4bf6e0 Exception <a 'java/lang/ClassNotFoundException'{0x000000008921af40}: com/sun/swing/internal/plaf/basic/resources/spi/basicProvider> (0x000000008921af40) 
thrown [./open/src/hotspot/share/classfile/systemDictionary.cpp, line 295]
Event: 0.733 Thread 0x000002750a4bf6e0 Implicit null exception at 0x000002751a1f62e0 to 0x000002751a1f6376
Event: 0.741 Thread 0x000002750a4bf6e0 Implicit null exception at 0x000002751a21010e to 0x000002751a210370
Event: 0.742 Thread 0x000002750a4bf6e0 Implicit null exception at 0x000002751a1e852f to 0x000002751a1e85a9
Event: 1.409 Thread 0x000002750a4bf6e0 Exception <a 'java/lang/NoSuchMethodError'{0x00000000888b4718}: 'void java.lang.invoke.DirectMethodHandle$Holder.invokeStaticInit(java.lang.Object)'> (0x00000000888b4718) 
thrown [./open/src/hotspot/share/interpreter/linkResolver.cpp, line 782]

Events (20 events):
Event: 29.684 Executing VM operation: HandshakeAllThreads done
Event: 31.796 Loaded shared library C:\Program Files\Java\jdk-15.0.1\bin\java.dll
Event: 38.745 Executing VM operation: HandshakeAllThreads
Event: 38.745 Executing VM operation: HandshakeAllThreads done
Event: 41.762 Executing VM operation: HandshakeAllThreads
Event: 41.762 Executing VM operation: HandshakeAllThreads done
Event: 47.810 Executing VM operation: HandshakeAllThreads
Event: 47.810 Executing VM operation: HandshakeAllThreads done
Event: 48.820 Executing VM operation: HandshakeAllThreads
Event: 48.820 Executing VM operation: HandshakeAllThreads done
Event: 50.838 Executing VM operation: HandshakeAllThreads
Event: 50.838 Executing VM operation: HandshakeAllThreads done
Event: 52.862 Executing VM operation: HandshakeAllThreads
Event: 52.865 Executing VM operation: HandshakeAllThreads done
Event: 53.869 Executing VM operation: HandshakeAllThreads
Event: 53.869 Executing VM operation: HandshakeAllThreads done
Event: 55.872 Executing VM operation: HandshakeAllThreads
Event: 55.872 Executing VM operation: HandshakeAllThreads done
Event: 56.884 Executing VM operation: HandshakeAllThreads
Event: 56.884 Executing VM operation: HandshakeAllThreads done


Dynamic libraries:
0x00007ff7a9bc0000 - 0x00007ff7a9bcf000 	C:\Program Files\Java\jdk-15.0.1\bin\java.exe
0x00007ff80a550000 - 0x00007ff80a745000 	C:\Windows\SYSTEM32\ntdll.dll
0x00007ff8089a0000 - 0x00007ff808a5d000 	C:\Windows\System32\KERNEL32.DLL
0x00007ff807f80000 - 0x00007ff808249000 	C:\Windows\System32\KERNELBASE.dll
0x00007ff8084b0000 - 0x00007ff8085b0000 	C:\Windows\System32\ucrtbase.dll
0x00007ff801620000 - 0x00007ff801639000 	C:\Program Files\Java\jdk-15.0.1\bin\VCRUNTIME140.dll
0x00007fffffb80000 - 0x00007fffffb98000 	C:\Program Files\Java\jdk-15.0.1\bin\jli.dll
0x00007ff808760000 - 0x00007ff80880c000 	C:\Windows\System32\ADVAPI32.dll
0x00007ff80a1b0000 - 0x00007ff80a24e000 	C:\Windows\System32\msvcrt.dll
0x00007ff809460000 - 0x00007ff8094fc000 	C:\Windows\System32\sechost.dll
0x00007ff808870000 - 0x00007ff80899b000 	C:\Windows\System32\RPCRT4.dll
0x00007ff809a50000 - 0x00007ff809bf0000 	C:\Windows\System32\USER32.dll
0x00007ff807f50000 - 0x00007ff807f72000 	C:\Windows\System32\win32u.dll
0x00007ff8070b0000 - 0x00007ff80734a000 	C:\Windows\WinSxS\amd64_microsoft.windows.common-controls_6595b64144ccf1df_6.0.19041.844_none_ca00b6081b84eb1d\COMCTL32.dll
0x00007ff809340000 - 0x00007ff80936a000 	C:\Windows\System32\GDI32.dll
0x00007ff807da0000 - 0x00007ff807eab000 	C:\Windows\System32\gdi32full.dll
0x00007ff807eb0000 - 0x00007ff807f4d000 	C:\Windows\System32\msvcp_win.dll
0x00007ff800030000 - 0x00007ff80003a000 	C:\Windows\SYSTEM32\VERSION.dll
0x00007ff8085b0000 - 0x00007ff8085e0000 	C:\Windows\System32\IMM32.DLL
0x00007ff8016e0000 - 0x00007ff8016ec000 	C:\Program Files\Java\jdk-15.0.1\bin\vcruntime140_1.dll
0x00007fffe9f70000 - 0x00007fffea001000 	C:\Program Files\Java\jdk-15.0.1\bin\msvcp140.dll
0x00007fffa5880000 - 0x00007fffa63de000 	C:\Program Files\Java\jdk-15.0.1\bin\server\jvm.dll
0x00007ff809d30000 - 0x00007ff809d38000 	C:\Windows\System32\PSAPI.DLL
0x00007ffff5740000 - 0x00007ffff5767000 	C:\Windows\SYSTEM32\WINMM.dll
0x00007fffeccf0000 - 0x00007fffeccf9000 	C:\Windows\SYSTEM32\WSOCK32.dll
0x00007ff809370000 - 0x00007ff8093db000 	C:\Windows\System32\WS2_32.dll
0x00007ff804dc0000 - 0x00007ff804dd2000 	C:\Windows\SYSTEM32\kernel.appcore.dll
0x00007ff8015a0000 - 0x00007ff8015aa000 	C:\Program Files\Java\jdk-15.0.1\bin\jimage.dll
0x00007ff8076c0000 - 0x00007ff8078a4000 	C:\Windows\SYSTEM32\DBGHELP.DLL
0x00007ff807610000 - 0x00007ff80763c000 	C:\Windows\SYSTEM32\dbgcore.DLL
0x00007ff808430000 - 0x00007ff8084b0000 	C:\Windows\System32\bcryptPrimitives.dll
0x00007fffffac0000 - 0x00007ffffface000 	C:\Program Files\Java\jdk-15.0.1\bin\instrument.dll
0x00007fffffb50000 - 0x00007fffffb75000 	C:\Program Files\Java\jdk-15.0.1\bin\java.dll
0x00007ff808bf0000 - 0x00007ff809332000 	C:\Windows\System32\SHELL32.dll
0x00007ff804fc0000 - 0x00007ff805750000 	C:\Windows\SYSTEM32\windows.storage.dll
0x00007ff809640000 - 0x00007ff809995000 	C:\Windows\System32\combase.dll
0x00007ff806f40000 - 0x00007ff806f6c000 	C:\Windows\SYSTEM32\Wldp.dll
0x00007ff80a2b0000 - 0x00007ff80a35e000 	C:\Windows\System32\SHCORE.dll
0x00007ff808810000 - 0x00007ff808865000 	C:\Windows\System32\shlwapi.dll
0x00007ff807bd0000 - 0x00007ff807bef000 	C:\Windows\SYSTEM32\profapi.dll
0x00007fffff6d0000 - 0x00007fffff6e9000 	C:\Program Files\Java\jdk-15.0.1\bin\net.dll
0x00007ffffcc30000 - 0x00007ffffcd3c000 	C:\Windows\SYSTEM32\WINHTTP.dll
0x00007ff806d30000 - 0x00007ff806d9a000 	C:\Windows\system32\mswsock.dll
0x00007fffff6b0000 - 0x00007fffff6c2000 	C:\Program Files\Java\jdk-15.0.1\bin\nio.dll
0x00007fffeb590000 - 0x00007fffeb5a8000 	C:\Program Files\Java\jdk-15.0.1\bin\zip.dll
0x00007fffea930000 - 0x00007fffea94a000 	C:\Program Files\JetBrains\IntelliJ IDEA Community Edition 2020.3.2\bin\breakgen64.dll
0x00007fffd2920000 - 0x00007fffd2aa0000 	C:\Program Files\Java\jdk-15.0.1\bin\awt.dll
0x00007ff808600000 - 0x00007ff8086cd000 	C:\Windows\System32\OLEAUT32.dll
0x00007ff804850000 - 0x00007ff8048e0000 	C:\Windows\SYSTEM32\apphelp.dll
0x00007ff804be0000 - 0x00007ff804c0f000 	C:\Windows\system32\DWMAPI.DLL
0x00007ff8049e0000 - 0x00007ff804a7e000 	C:\Windows\system32\uxtheme.dll
0x00007fffda3b0000 - 0x00007fffda4d6000 	C:\Windows\system32\opengl32.dll
0x00007fffdace0000 - 0x00007fffdad0c000 	C:\Windows\SYSTEM32\GLU32.dll
0x00007ff808ad0000 - 0x00007ff808be5000 	C:\Windows\System32\MSCTF.dll
0x00007ff809510000 - 0x00007ff80963a000 	C:\Windows\System32\ole32.dll
0x00007fffffab0000 - 0x00007fffffac0000 	C:\Program Files\Java\jdk-15.0.1\bin\verify.dll
0x00007fffff880000 - 0x00007fffff887000 	C:\Program Files\Java\jdk-15.0.1\bin\jawt.dll
0x0000000010000000 - 0x000000001003e000 	C:\Program Files\Java\jdk-15.0.1\bin\j3dcore-ogl.dll
0x00007ff8099a0000 - 0x00007ff809a49000 	C:\Windows\System32\clbcatq.dll
0x00007ff800220000 - 0x00007ff80031a000 	C:\Windows\System32\AppXDeploymentClient.dll
0x00007fffa36b0000 - 0x00007fffa454d000 	C:\Windows\System32\DriverStore\FileRepository\igdlh64.inf_amd64_2681fc9dedd95cd9\ig9icd64.dll
0x00007ff802ce0000 - 0x00007ff802cf4000 	C:\Windows\SYSTEM32\WTSAPI32.dll
0x00007ff806050000 - 0x00007ff806143000 	C:\Windows\SYSTEM32\dxgi.dll
0x00007ffffdc60000 - 0x00007ffffdc9b000 	C:\Windows\SYSTEM32\dxcore.dll
0x00007ff808280000 - 0x00007ff8082ce000 	C:\Windows\System32\cfgmgr32.dll
0x00007ffffb600000 - 0x00007ffffcc30000 	C:\Windows\System32\DriverStore\FileRepository\igdlh64.inf_amd64_2681fc9dedd95cd9\igc64.dll
0x00007ff8078b0000 - 0x00007ff8078fb000 	C:\Windows\SYSTEM32\powrprof.dll
0x00007ff807430000 - 0x00007ff807442000 	C:\Windows\SYSTEM32\UMPDC.dll
0x00007fffe91d0000 - 0x00007fffe9255000 	C:\Program Files\Java\jdk-15.0.1\bin\freetype.dll
0x00007fffe4de0000 - 0x00007fffe4e89000 	C:\Program Files\Java\jdk-15.0.1\bin\fontmanager.dll
0x00007ffffb330000 - 0x00007ffffb42b000 	C:\Windows\SYSTEM32\textinputframework.dll
0x00007ff8041b0000 - 0x00007ff80450e000 	C:\Windows\System32\CoreUIComponents.dll
0x00007ff804510000 - 0x00007ff804602000 	C:\Windows\System32\CoreMessaging.dll
0x00007ff8079e0000 - 0x00007ff807a13000 	C:\Windows\SYSTEM32\ntmarta.dll
0x00007ff802e40000 - 0x00007ff802f94000 	C:\Windows\SYSTEM32\wintypes.dll
0x00007fffcfe70000 - 0x00007fffd0048000 	C:\Users\izogi\AppData\Roaming\discord\0.0.309\modules\discord_hook\2e1ff455c11\DiscordHook64.dll
0x00007ff807d40000 - 0x00007ff807da0000 	C:\Windows\System32\WINTRUST.dll
0x00007ff8082d0000 - 0x00007ff80842f000 	C:\Windows\System32\CRYPT32.dll
0x00007ff806a40000 - 0x00007ff806a7b000 	C:\Windows\SYSTEM32\IPHLPAPI.DLL
0x00007ff807b90000 - 0x00007ff807bbe000 	C:\Windows\SYSTEM32\USERENV.dll
0x00007ff807450000 - 0x00007ff807462000 	C:\Windows\SYSTEM32\MSASN1.dll
0x00007ff802fa0000 - 0x00007ff8033fd000 	C:\Windows\SYSTEM32\D3DCompiler_47.dll
0x00007ff807a20000 - 0x00007ff807a38000 	C:\Windows\SYSTEM32\CRYPTSP.dll
0x00007ff8039c0000 - 0x00007ff803c24000 	C:\Windows\SYSTEM32\d3d11.dll
0x00007ffff7e30000 - 0x00007ffff9995000 	C:\Windows\System32\DriverStore\FileRepository\igdlh64.inf_amd64_2681fc9dedd95cd9\igd10iumd64.dll
0x00007ff808250000 - 0x00007ff808277000 	C:\Windows\System32\bcrypt.dll
0x00007ff807080000 - 0x00007ff8070a7000 	C:\Windows\SYSTEM32\ncrypt.dll
0x00007ff807040000 - 0x00007ff80707b000 	C:\Windows\SYSTEM32\NTASN1.dll

dbghelp: loaded successfully - version: 4.0.5 - missing functions: none
symbol engine: initialized successfully - sym options: 0x614 - pdb path: .;C:\Program Files\Java\jdk-15.0.1\bin;C:\Windows\SYSTEM32;C:\Windows\WinSxS\amd64_microsoft.windows.common-controls_6595b64144ccf1df_6.0.19041.844_none_ca00b6081b84eb1d;C:\Program Files\Java\jdk-15.0.1\bin\server;C:\Program Files\JetBrains\IntelliJ IDEA Community Edition 2020.3.2\bin;C:\Windows\System32\DriverStore\FileRepository\igdlh64.inf_amd64_2681fc9dedd95cd9;C:\Users\izogi\AppData\Roaming\discord\0.0.309\modules\discord_hook\2e1ff455c11

VM Arguments:
jvm_args: --module-path=../java3d/1.5.1/lib/ext -javaagent:C:\Program Files\JetBrains\IntelliJ IDEA Community Edition 2020.3.2\lib\idea_rt.jar=54284:C:\Program Files\JetBrains\IntelliJ IDEA Community Edition 2020.3.2\bin -Dfile.encoding=UTF-8 
java_command: com.company.Main
java_class_path (initial): C:\Users\izogi\IdeaProjects\lab4\out\production\lab4;C:\Users\izogi\IdeaProjects\java3d\1.5.1\lib\ext\j3dcore.jar;C:\Users\izogi\IdeaProjects\java3d\1.5.1\lib\ext\vecmath.jar;C:\Users\izogi\IdeaProjects\java3d\1.5.1\lib\ext\j3dutils.jar
Launcher Type: SUN_STANDARD

[Global flags]
     intx CICompilerCount                          = 4                                         {product} {ergonomic}
     uint ConcGCThreads                            = 2                                         {product} {ergonomic}
     uint G1ConcRefinementThreads                  = 8                                         {product} {ergonomic}
   size_t G1HeapRegionSize                         = 1048576                                   {product} {ergonomic}
    uintx GCDrainStackTargetSize                   = 64                                        {product} {ergonomic}
   size_t InitialHeapSize                          = 134217728                                 {product} {ergonomic}
   size_t MarkStackSize                            = 4194304                                   {product} {ergonomic}
   size_t MaxHeapSize                              = 2118123520                                {product} {ergonomic}
   size_t MaxNewSize                               = 1270874112                                {product} {ergonomic}
   size_t MinHeapDeltaBytes                        = 1048576                                   {product} {ergonomic}
   size_t MinHeapSize                              = 8388608                                   {product} {ergonomic}
    uintx NonNMethodCodeHeapSize                   = 5839372                                {pd product} {ergonomic}
    uintx NonProfiledCodeHeapSize                  = 122909434                              {pd product} {ergonomic}
    uintx ProfiledCodeHeapSize                     = 122909434                              {pd product} {ergonomic}
    uintx ReservedCodeCacheSize                    = 251658240                              {pd product} {ergonomic}
     bool SegmentedCodeCache                       = true                                      {product} {ergonomic}
   size_t SoftMaxHeapSize                          = 2118123520                             {manageable} {ergonomic}
     bool UseCompressedClassPointers               = true                                 {lp64_product} {ergonomic}
     bool UseCompressedOops                        = true                                 {lp64_product} {ergonomic}
     bool UseG1GC                                  = true                                      {product} {ergonomic}
     bool UseLargePagesIndividualAllocation        = false                                  {pd product} {ergonomic}

Logging:
Log output configuration:
 #0: stdout all=warning uptime,level,tags
 #1: stderr all=off uptime,level,tags

Environment Variables:
PATH=C:\ProgramData\Oracle\Java\javapath;c:\program files\common files\oracle\java\javapath;c:\python39\scripts\;c:\python39\;c:\windows\system32;c:\windows;c:\windows\system32\wbem;c:\windows\system32\windowspowershell\v1.0\;c:\windows\system32\openssh\;c:\program files\nodejs\;c:\program files\microsoft vs code\bin;c:\programdata\chocolatey\bin;c:\program files\nvidia corporation\nvidia nvdlisr;c:\program files\git\cmd;C:\Program Files (x86)\NVIDIA Corporation\PhysX\Common;C:\Program Files\Docker\Docker\resources\bin;C:\ProgramData\DockerDesktop\version-bin;C:\Users\izogi\AppData\Local\Microsoft\WindowsApps;C:\Users\izogi\AppData\Roaming\npm;C:\Users\izogi\AppData\Local\GitHubDesktop\bin;C:\Program Files\MongoDB\Server\4.4\bin;C:\Program Files\PostgreSQL\11\bin;;C:\Program Files\JetBrains\PyCharm Community Edition 2020.3.3\bin;
USERNAME=izogi
OS=Windows_NT
PROCESSOR_IDENTIFIER=Intel64 Family 6 Model 142 Stepping 10, GenuineIntel



---------------  S Y S T E M  ---------------

OS:
 Windows 10 , 64 bit Build 19041 (10.0.19041.804)
OS uptime: 8 days 14:47 hours
HyperV virtualization detected

CPU: total 8 (initial active 8) (4 cores per cpu, 2 threads per core) family 6 model 142 stepping 10 microcode 0xb4, cmov, cx8, fxsr, mmx, sse, sse2, sse3, ssse3, sse4.1, sse4.2, popcnt, vzeroupper, avx, avx2, aes, clmul, erms, 3dnowpref, lzcnt, ht, tsc, tscinvbit, bmi1, bmi2, adx, fma, clflush, clflushopt

Memory: 4k page, system-wide physical 8076M (405M free)
TotalPageFile size 24422M (AvailPageFile size 2614M)
current process WorkingSet (physical memory assigned to process): 1350M, peak: 1350M
current process commit charge ("private bytes"): 2374M, peak: 2374M

vm_info: Java HotSpot(TM) 64-Bit Server VM (15.0.1+9-18) for windows-amd64 JRE (15.0.1+9-18), built on Sep 15 2020 14:43:54 by "mach5one" with unknown MS VC++:1925

END.
