#
# A fatal error has been detected by the Java Runtime Environment:
#
#  EXCEPTION_ACCESS_VIOLATION (0xc0000005) at pc=0x0000000000000000, pid=18848, tid=18136
#
# JRE version: Java(TM) SE Runtime Environment (15.0.1+9) (build 15.0.1+9-18)
# Java VM: Java HotSpot(TM) 64-Bit Server VM (15.0.1+9-18, mixed mode, sharing, tiered, compressed oops, g1 gc, windows-amd64)
# Problematic frame:
# C  0x0000000000000000
#
# No core dump will be written. Minidumps are not enabled by default on client versions of Windows
#
# If you would like to submit a bug report, please visit:
#   https://bugreport.java.com/bugreport/crash.jsp
# The crash happened outside the Java Virtual Machine in native code.
# See problematic frame for where to report the bug.
#

---------------  S U M M A R Y ------------

Command Line: --module-path=../java3d/1.5.1/lib/ext -javaagent:C:\Program Files\JetBrains\IntelliJ IDEA Community Edition 2020.3.2\lib\idea_rt.jar=54302:C:\Program Files\JetBrains\IntelliJ IDEA Community Edition 2020.3.2\bin -Dfile.encoding=UTF-8 com.company.Main

Host: Intel(R) Core(TM) i5-8250U CPU @ 1.60GHz, 8 cores, 7G,  Windows 10 , 64 bit Build 19041 (10.0.19041.804)
Time: Sun Apr  4 12:56:37 2021 Беларусь (зима) elapsed time: 29.072581 seconds (0d 0h 0m 29s)

---------------  T H R E A D  ---------------

Current thread (0x000002ba10184f20):  JavaThread "J3D-Renderer-1" [_thread_in_native, id=18136, stack(0x000000fb31300000,0x000000fb31400000)]

Stack: [0x000000fb31300000,0x000000fb31400000],  sp=0x000000fb313fc5e8,  free space=1009k
Native frames: (J=compiled Java code, j=interpreted, Vv=VM code, C=native code)

Java frames: (J=compiled Java code, j=interpreted, Vv=VM code)
j  javax.media.j3d.NativePipeline.swapBuffers(Ljavax/media/j3d/Canvas3D;JJJ)I+0
j  javax.media.j3d.NativePipeline.swapBuffers(Ljavax/media/j3d/Canvas3D;Ljavax/media/j3d/Context;JLjavax/media/j3d/Drawable;)I+14
j  javax.media.j3d.Canvas3D.swapBuffers(Ljavax/media/j3d/Context;JLjavax/media/j3d/Drawable;)I+8
J 1234 c1 javax.media.j3d.Renderer.doWork(J)V (6480 bytes) @ 0x000002ba0079fec4 [0x000002ba0079f040+0x0000000000000e84]
j  javax.media.j3d.J3dThread.run()V+19
v  ~StubRoutines::call_stub

siginfo: EXCEPTION_ACCESS_VIOLATION (0xc0000005), data execution prevention violation at address 0x0000000000000000


Register to memory mapping:

RIP=0x0 is NULL
RAX=0x0 is NULL
RBX=0x000002babbf24040 points into unknown readable memory: 0x00007ff803b91848 | 48 18 b9 03 f8 7f 00 00
RCX=0x000002babbf2df30 points into unknown readable memory: 0x0000000000000000 | 00 00 00 00 00 00 00 00
RDX=0x000000fb313fd290 is pointing into the stack for thread: 0x000002ba10184f20
RSP=0x000000fb313fc5e8 is pointing into the stack for thread: 0x000002ba10184f20
RBP=0x000000fb313fd500 is pointing into the stack for thread: 0x000002ba10184f20
RSI=0x000002bab2769748 points into unknown readable memory: 0x00007ff803b8a1d0 | d0 a1 b8 03 f8 7f 00 00
RDI=0x000002ba0fdcebf0 points into unknown readable memory: 0x0000000000000010 | 10 00 00 00 00 00 00 00
R8 =0x0 is NULL
R9 =0x0000000000000001 is an unknown value
R10=0x0000000000008000 is an unknown value
R11=0x000000fb313fc520 is pointing into the stack for thread: 0x000002ba10184f20
R12=0x000002ba0fdcec80 points into unknown readable memory: 0x000000000000006c | 6c 00 00 00 00 00 00 00
R13=0x000002bab82ed590 points into unknown readable memory: 0x0000000000000000 | 00 00 00 00 00 00 00 00
R14=0x000002bab274e2b0 points into unknown readable memory: 0x0000000000000000 | 00 00 00 00 00 00 00 00
R15=0x000002bab2768f68 points into unknown readable memory: 0x00007ff803b89b00 | 00 9b b8 03 f8 7f 00 00


Registers:
RAX=0x0000000000000000, RBX=0x000002babbf24040, RCX=0x000002babbf2df30, RDX=0x000000fb313fd290
RSP=0x000000fb313fc5e8, RBP=0x000000fb313fd500, RSI=0x000002bab2769748, RDI=0x000002ba0fdcebf0
R8 =0x0000000000000000, R9 =0x0000000000000001, R10=0x0000000000008000, R11=0x000000fb313fc520
R12=0x000002ba0fdcec80, R13=0x000002bab82ed590, R14=0x000002bab274e2b0, R15=0x000002bab2768f68
RIP=0x0000000000000000, EFLAGS=0x0000000000010206

Top of Stack: (sp=0x000000fb313fc5e8)
0x000000fb313fc5e8:   00007ff8039ee36a 00000000b276a200
0x000000fb313fc5f8:   000002bab276a2e8 000002bab2769748
0x000000fb313fc608:   0000000300000000 0000000000000000
0x000000fb313fc618:   00007ff803baa0f0 000002bab2769b38
0x000000fb313fc628:   000000000000001b 000000fb313fc808
0x000000fb313fc638:   00007ff800000016 000000000000003f
0x000000fb313fc648:   0000000000020019 000002bab82d6920
0x000000fb313fc658:   00007ff80a5747b1 0000000000000000
0x000000fb313fc668:   000002ba6e810000 000000fb313fc8a0
0x000000fb313fc678:   0000000000000000 0000000000000000
0x000000fb313fc688:   0000000000000000 0000000000000002
0x000000fb313fc698:   00007ff80a566777 00000001313fc728
0x000000fb313fc6a8:   0000000000000108 0000000000000000
0x000000fb313fc6b8:   000002ba6e838790 000000fb313fc8a0
0x000000fb313fc6c8:   00007ff807fa9515 0000000000000000
0x000000fb313fc6d8:   0000000000020019 000000fb313fc808 

Instructions: (pc=0x0000000000000000)
0xffffffffffffff00:   


Stack slot to memory mapping:
stack at sp + 0 slots: 0x00007ff8039ee36a d3d11.dll
stack at sp + 1 slots: 
[error occurred during error reporting (inspecting top of stack), id 0xc0000005, EXCEPTION_ACCESS_VIOLATION (0xc0000005) at pc=0x00007fffa5b28542]


---------------  P R O C E S S  ---------------

Threads class SMR info:
_java_thread_list=0x000002ba100c4790, length=30, elements={
0x000002ba0f3ad5e0, 0x000002ba0f3ae0c0, 0x000002ba0f3c81c0, 0x000002ba0f3cab90,
0x000002ba0f3cb550, 0x000002ba0f3cf210, 0x000002ba0f3cfbc0, 0x000002ba0f3d04c0,
0x000002ba0f38f460, 0x000002ba1017a810, 0x000002ba10183240, 0x000002ba101858c0,
0x000002ba10183be0, 0x000002ba101840b0, 0x000002ba10184580, 0x000002ba10184a50,
0x000002ba10185d90, 0x000002ba10186c00, 0x000002ba10184f20, 0x000002ba10186260,
0x000002ba107a06e0, 0x000002ba107a40a0, 0x000002ba107a2890, 0x000002ba107a1ef0,
0x000002ba107a4f10, 0x000002ba107a0bb0, 0x000002ba107a4570, 0x000002ba107a1a20,
0x000002ba1079db90, 0x000002ba107a4a40
}

Java Threads: ( => current thread )
  0x000002ba0f3ad5e0 JavaThread "Reference Handler" daemon [_thread_blocked, id=13784, stack(0x000000fb2ff00000,0x000000fb30000000)]
  0x000002ba0f3ae0c0 JavaThread "Finalizer" daemon [_thread_blocked, id=22604, stack(0x000000fb30000000,0x000000fb30100000)]
  0x000002ba0f3c81c0 JavaThread "Signal Dispatcher" daemon [_thread_blocked, id=17988, stack(0x000000fb30100000,0x000000fb30200000)]
  0x000002ba0f3cab90 JavaThread "Attach Listener" daemon [_thread_blocked, id=6152, stack(0x000000fb30200000,0x000000fb30300000)]
  0x000002ba0f3cb550 JavaThread "Service Thread" daemon [_thread_blocked, id=15592, stack(0x000000fb30300000,0x000000fb30400000)]
  0x000002ba0f3cf210 JavaThread "C2 CompilerThread0" daemon [_thread_blocked, id=23616, stack(0x000000fb30400000,0x000000fb30500000)]
  0x000002ba0f3cfbc0 JavaThread "C1 CompilerThread0" daemon [_thread_blocked, id=9756, stack(0x000000fb30500000,0x000000fb30600000)]
  0x000002ba0f3d04c0 JavaThread "Sweeper thread" daemon [_thread_blocked, id=2440, stack(0x000000fb30600000,0x000000fb30700000)]
  0x000002ba0f38f460 JavaThread "Common-Cleaner" daemon [_thread_blocked, id=9192, stack(0x000000fb30700000,0x000000fb30800000)]
  0x000002ba1017a810 JavaThread "Monitor Ctrl-Break" daemon [_thread_in_native, id=29888, stack(0x000000fb30a00000,0x000000fb30b00000)]
  0x000002ba10183240 JavaThread "Notification Thread" daemon [_thread_blocked, id=22772, stack(0x000000fb30b00000,0x000000fb30c00000)]
  0x000002ba101858c0 JavaThread "Java2D Disposer" daemon [_thread_blocked, id=11192, stack(0x000000fb30800000,0x000000fb30900000)]
  0x000002ba10183be0 JavaThread "AWT-Shutdown" [_thread_blocked, id=25100, stack(0x000000fb30900000,0x000000fb30a00000)]
  0x000002ba101840b0 JavaThread "AWT-Windows" daemon [_thread_in_native, id=10096, stack(0x000000fb30d00000,0x000000fb30e00000)]
  0x000002ba10184580 JavaThread "J3D-RenderingAttributesStructureUpdateThread" [_thread_blocked, id=4320, stack(0x000000fb30f00000,0x000000fb31000000)]
  0x000002ba10184a50 JavaThread "J3D-TimerThread" [_thread_blocked, id=25108, stack(0x000000fb31000000,0x000000fb31100000)]
  0x000002ba10185d90 JavaThread "J3D-NotificationThread" [_thread_blocked, id=6168, stack(0x000000fb31100000,0x000000fb31200000)]
  0x000002ba10186c00 JavaThread "J3D-MasterControl-1" [_thread_blocked, id=23356, stack(0x000000fb31200000,0x000000fb31300000)]
=>0x000002ba10184f20 JavaThread "J3D-Renderer-1" [_thread_in_native, id=18136, stack(0x000000fb31300000,0x000000fb31400000)]
  0x000002ba10186260 JavaThread "AWT-EventQueue-0" [_thread_blocked, id=24512, stack(0x000000fb30e00000,0x000000fb30f00000)]
  0x000002ba107a06e0 JavaThread "DestroyJavaVM" [_thread_blocked, id=19464, stack(0x000000fb2f800000,0x000000fb2f900000)]
  0x000002ba107a40a0 JavaThread "J3D-BehaviorStructureUpdateThread-1" [_thread_blocked, id=3020, stack(0x000000fb31600000,0x000000fb31700000)]
  0x000002ba107a2890 JavaThread "J3D-GeometryStructureUpdateThread-1" [_thread_blocked, id=27212, stack(0x000000fb31700000,0x000000fb31800000)]
  0x000002ba107a1ef0 JavaThread "J3D-SoundStructureUpdateThread-1" [_thread_blocked, id=30328, stack(0x000000fb31800000,0x000000fb31900000)]
  0x000002ba107a4f10 JavaThread "J3D-RenderingEnvironmentStructureUpdateThread-1" [_thread_blocked, id=6004, stack(0x000000fb31900000,0x000000fb31a00000)]
  0x000002ba107a0bb0 JavaThread "J3D-TransformStructureUpdateThread-1" [_thread_blocked, id=29224, stack(0x000000fb31a00000,0x000000fb31b00000)]
  0x000002ba107a4570 JavaThread "J3D-BehaviorScheduler-1" [_thread_blocked, id=21196, stack(0x000000fb31b00000,0x000000fb31c00000)]
  0x000002ba107a1a20 JavaThread "J3D-RenderStructureUpdateThread-1" [_thread_blocked, id=26996, stack(0x000000fb31c00000,0x000000fb31d00000)]
  0x000002ba1079db90 JavaThread "J3D-SoundSchedulerUpdateThread-1" [_thread_blocked, id=14340, stack(0x000000fb31d00000,0x000000fb31e00000)]
  0x000002ba107a4a40 JavaThread "J3D-InputDeviceScheduler-1" [_thread_blocked, id=816, stack(0x000000fb31e00000,0x000000fb31f00000)]

Other Threads:
  0x000002ba0f3a96a0 VMThread "VM Thread" [stack: 0x000000fb2fe00000,0x000000fb2ff00000] [id=21468]
  0x000002ba10393a20 WatcherThread [stack: 0x000000fb30c00000,0x000000fb30d00000] [id=3048]
  0x000002ba6e96ed10 GCTaskThread "GC Thread#0" [stack: 0x000000fb2f900000,0x000000fb2fa00000] [id=16708]
  0x000002ba0ffcd6d0 GCTaskThread "GC Thread#1" [stack: 0x000000fb32000000,0x000000fb32100000] [id=13660]
  0x000002ba0ffcda00 GCTaskThread "GC Thread#2" [stack: 0x000000fb32300000,0x000000fb32400000] [id=29924]
  0x000002ba0ffcf380 GCTaskThread "GC Thread#3" [stack: 0x000000fb32400000,0x000000fb32500000] [id=9552]
  0x000002ba0ffcfd10 GCTaskThread "GC Thread#4" [stack: 0x000000fb32500000,0x000000fb32600000] [id=14740]
  0x000002ba0ffcd3a0 GCTaskThread "GC Thread#5" [stack: 0x000000fb32600000,0x000000fb32700000] [id=5896]
  0x000002ba0ffcf6b0 GCTaskThread "GC Thread#6" [stack: 0x000000fb32700000,0x000000fb32800000] [id=11800]
  0x000002ba0ffcdd30 GCTaskThread "GC Thread#7" [stack: 0x000000fb32800000,0x000000fb32900000] [id=8676]
  0x000002ba6e981b10 ConcurrentGCThread "G1 Main Marker" [stack: 0x000000fb2fa00000,0x000000fb2fb00000] [id=25748]
  0x000002ba6e982db0 ConcurrentGCThread "G1 Conc#0" [stack: 0x000000fb2fb00000,0x000000fb2fc00000] [id=25984]
  0x000002ba6ea0beb0 ConcurrentGCThread "G1 Refine#0" [stack: 0x000000fb2fc00000,0x000000fb2fd00000] [id=20136]
  0x000002ba6ea0d870 ConcurrentGCThread "G1 Young RemSet Sampling" [stack: 0x000000fb2fd00000,0x000000fb2fe00000] [id=30200]

Threads with active compile tasks:

VM state: not at safepoint (normal execution)

VM Mutex/Monitor currently owned by a thread: None

Heap address: 0x0000000081c00000, size: 2020 MB, Compressed Oops mode: 32-bit
CDS archive(s) mapped at: [0x0000000800000000-0x0000000800b50000-0x0000000800b50000), size 11862016, SharedBaseAddress: 0x0000000800000000, ArchiveRelocationMode: 0.
Compressed class space mapped at: 0x0000000800b50000-0x0000000840b50000, size: 1073741824
Narrow klass base: 0x0000000800000000, Narrow klass shift: 3, Narrow klass range: 0x100000000

GC Precious Log:
 CPUs: 8 total, 8 available
 Memory: 8076M
 Large Page Support: Disabled
 NUMA Support: Disabled
 Compressed Oops: Enabled (32-bit)
 Heap Region Size: 1M
 Heap Min Capacity: 8M
 Heap Initial Capacity: 128M
 Heap Max Capacity: 2020M
 Pre-touch: Disabled
 Parallel Workers: 8
 Concurrent Workers: 2
 Concurrent Refinement Workers: 8
 Periodic GC: Disabled

Heap:
 garbage-first heap   total 131072K, used 11646K [0x0000000081c00000, 0x0000000100000000)
  region size 1024K, 7 young (7168K), 3 survivors (3072K)
 Metaspace       used 12544K, capacity 12722K, committed 12928K, reserved 1060864K
  class space    used 1245K, capacity 1314K, committed 1408K, reserved 1048576K

Heap Regions: E=young(eden), S=young(survivor), O=old, HS=humongous(starts), HC=humongous(continues), CS=collection set, F=free, OA=open archive, CA=closed archive, TAMS=top-at-mark-start (previous, next)
|   0|0x0000000081c00000, 0x0000000081d00000, 0x0000000081d00000|100%|HS|  |TAMS 0x0000000081c00000, 0x0000000081c00000| Complete 
|   1|0x0000000081d00000, 0x0000000081e00000, 0x0000000081e00000|100%|HC|  |TAMS 0x0000000081d00000, 0x0000000081d00000| Complete 
|   2|0x0000000081e00000, 0x0000000081f00000, 0x0000000081f00000|100%|HC|  |TAMS 0x0000000081e00000, 0x0000000081e00000| Complete 
|   3|0x0000000081f00000, 0x0000000082000000, 0x0000000082000000|100%|HC|  |TAMS 0x0000000081f00000, 0x0000000081f00000| Complete 
|   4|0x0000000082000000, 0x0000000082100000, 0x0000000082100000|100%| O|  |TAMS 0x0000000082000000, 0x0000000082000000| Untracked 
|   5|0x0000000082100000, 0x000000008215f800, 0x0000000082200000| 37%| O|  |TAMS 0x0000000082100000, 0x0000000082100000| Untracked 
|   6|0x0000000082200000, 0x0000000082200000, 0x0000000082300000|  0%| F|  |TAMS 0x0000000082200000, 0x0000000082200000| Untracked 
|   7|0x0000000082300000, 0x0000000082300000, 0x0000000082400000|  0%| F|  |TAMS 0x0000000082300000, 0x0000000082300000| Untracked 
|   8|0x0000000082400000, 0x0000000082400000, 0x0000000082500000|  0%| F|  |TAMS 0x0000000082400000, 0x0000000082400000| Untracked 
|   9|0x0000000082500000, 0x0000000082500000, 0x0000000082600000|  0%| F|  |TAMS 0x0000000082500000, 0x0000000082500000| Untracked 
|  10|0x0000000082600000, 0x0000000082600000, 0x0000000082700000|  0%| F|  |TAMS 0x0000000082600000, 0x0000000082600000| Untracked 
|  11|0x0000000082700000, 0x0000000082700000, 0x0000000082800000|  0%| F|  |TAMS 0x0000000082700000, 0x0000000082700000| Untracked 
|  12|0x0000000082800000, 0x0000000082800000, 0x0000000082900000|  0%| F|  |TAMS 0x0000000082800000, 0x0000000082800000| Untracked 
|  13|0x0000000082900000, 0x0000000082900000, 0x0000000082a00000|  0%| F|  |TAMS 0x0000000082900000, 0x0000000082900000| Untracked 
|  14|0x0000000082a00000, 0x0000000082a00000, 0x0000000082b00000|  0%| F|  |TAMS 0x0000000082a00000, 0x0000000082a00000| Untracked 
|  15|0x0000000082b00000, 0x0000000082b00000, 0x0000000082c00000|  0%| F|  |TAMS 0x0000000082b00000, 0x0000000082b00000| Untracked 
|  16|0x0000000082c00000, 0x0000000082c00000, 0x0000000082d00000|  0%| F|  |TAMS 0x0000000082c00000, 0x0000000082c00000| Untracked 
|  17|0x0000000082d00000, 0x0000000082d00000, 0x0000000082e00000|  0%| F|  |TAMS 0x0000000082d00000, 0x0000000082d00000| Untracked 
|  18|0x0000000082e00000, 0x0000000082e00000, 0x0000000082f00000|  0%| F|  |TAMS 0x0000000082e00000, 0x0000000082e00000| Untracked 
|  19|0x0000000082f00000, 0x0000000082f00000, 0x0000000083000000|  0%| F|  |TAMS 0x0000000082f00000, 0x0000000082f00000| Untracked 
|  20|0x0000000083000000, 0x0000000083000000, 0x0000000083100000|  0%| F|  |TAMS 0x0000000083000000, 0x0000000083000000| Untracked 
|  21|0x0000000083100000, 0x0000000083100000, 0x0000000083200000|  0%| F|  |TAMS 0x0000000083100000, 0x0000000083100000| Untracked 
|  22|0x0000000083200000, 0x0000000083200000, 0x0000000083300000|  0%| F|  |TAMS 0x0000000083200000, 0x0000000083200000| Untracked 
|  23|0x0000000083300000, 0x0000000083300000, 0x0000000083400000|  0%| F|  |TAMS 0x0000000083300000, 0x0000000083300000| Untracked 
|  24|0x0000000083400000, 0x0000000083400000, 0x0000000083500000|  0%| F|  |TAMS 0x0000000083400000, 0x0000000083400000| Untracked 
|  25|0x0000000083500000, 0x0000000083500000, 0x0000000083600000|  0%| F|  |TAMS 0x0000000083500000, 0x0000000083500000| Untracked 
|  26|0x0000000083600000, 0x0000000083600000, 0x0000000083700000|  0%| F|  |TAMS 0x0000000083600000, 0x0000000083600000| Untracked 
|  27|0x0000000083700000, 0x0000000083700000, 0x0000000083800000|  0%| F|  |TAMS 0x0000000083700000, 0x0000000083700000| Untracked 
|  28|0x0000000083800000, 0x0000000083800000, 0x0000000083900000|  0%| F|  |TAMS 0x0000000083800000, 0x0000000083800000| Untracked 
|  29|0x0000000083900000, 0x0000000083900000, 0x0000000083a00000|  0%| F|  |TAMS 0x0000000083900000, 0x0000000083900000| Untracked 
|  30|0x0000000083a00000, 0x0000000083a00000, 0x0000000083b00000|  0%| F|  |TAMS 0x0000000083a00000, 0x0000000083a00000| Untracked 
|  31|0x0000000083b00000, 0x0000000083b00000, 0x0000000083c00000|  0%| F|  |TAMS 0x0000000083b00000, 0x0000000083b00000| Untracked 
|  32|0x0000000083c00000, 0x0000000083c00000, 0x0000000083d00000|  0%| F|  |TAMS 0x0000000083c00000, 0x0000000083c00000| Untracked 
|  33|0x0000000083d00000, 0x0000000083d00000, 0x0000000083e00000|  0%| F|  |TAMS 0x0000000083d00000, 0x0000000083d00000| Untracked 
|  34|0x0000000083e00000, 0x0000000083e00000, 0x0000000083f00000|  0%| F|  |TAMS 0x0000000083e00000, 0x0000000083e00000| Untracked 
|  35|0x0000000083f00000, 0x0000000083f00000, 0x0000000084000000|  0%| F|  |TAMS 0x0000000083f00000, 0x0000000083f00000| Untracked 
|  36|0x0000000084000000, 0x0000000084000000, 0x0000000084100000|  0%| F|  |TAMS 0x0000000084000000, 0x0000000084000000| Untracked 
|  37|0x0000000084100000, 0x0000000084100000, 0x0000000084200000|  0%| F|  |TAMS 0x0000000084100000, 0x0000000084100000| Untracked 
|  38|0x0000000084200000, 0x0000000084200000, 0x0000000084300000|  0%| F|  |TAMS 0x0000000084200000, 0x0000000084200000| Untracked 
|  39|0x0000000084300000, 0x0000000084300000, 0x0000000084400000|  0%| F|  |TAMS 0x0000000084300000, 0x0000000084300000| Untracked 
|  40|0x0000000084400000, 0x0000000084400000, 0x0000000084500000|  0%| F|  |TAMS 0x0000000084400000, 0x0000000084400000| Untracked 
|  41|0x0000000084500000, 0x0000000084500000, 0x0000000084600000|  0%| F|  |TAMS 0x0000000084500000, 0x0000000084500000| Untracked 
|  42|0x0000000084600000, 0x0000000084600000, 0x0000000084700000|  0%| F|  |TAMS 0x0000000084600000, 0x0000000084600000| Untracked 
|  43|0x0000000084700000, 0x0000000084700000, 0x0000000084800000|  0%| F|  |TAMS 0x0000000084700000, 0x0000000084700000| Untracked 
|  44|0x0000000084800000, 0x0000000084800000, 0x0000000084900000|  0%| F|  |TAMS 0x0000000084800000, 0x0000000084800000| Untracked 
|  45|0x0000000084900000, 0x0000000084900000, 0x0000000084a00000|  0%| F|  |TAMS 0x0000000084900000, 0x0000000084900000| Untracked 
|  46|0x0000000084a00000, 0x0000000084a00000, 0x0000000084b00000|  0%| F|  |TAMS 0x0000000084a00000, 0x0000000084a00000| Untracked 
|  47|0x0000000084b00000, 0x0000000084b00000, 0x0000000084c00000|  0%| F|  |TAMS 0x0000000084b00000, 0x0000000084b00000| Untracked 
|  48|0x0000000084c00000, 0x0000000084c00000, 0x0000000084d00000|  0%| F|  |TAMS 0x0000000084c00000, 0x0000000084c00000| Untracked 
|  49|0x0000000084d00000, 0x0000000084d00000, 0x0000000084e00000|  0%| F|  |TAMS 0x0000000084d00000, 0x0000000084d00000| Untracked 
|  50|0x0000000084e00000, 0x0000000084e00000, 0x0000000084f00000|  0%| F|  |TAMS 0x0000000084e00000, 0x0000000084e00000| Untracked 
|  51|0x0000000084f00000, 0x0000000084f00000, 0x0000000085000000|  0%| F|  |TAMS 0x0000000084f00000, 0x0000000084f00000| Untracked 
|  52|0x0000000085000000, 0x0000000085000000, 0x0000000085100000|  0%| F|  |TAMS 0x0000000085000000, 0x0000000085000000| Untracked 
|  53|0x0000000085100000, 0x0000000085100000, 0x0000000085200000|  0%| F|  |TAMS 0x0000000085100000, 0x0000000085100000| Untracked 
|  54|0x0000000085200000, 0x0000000085200000, 0x0000000085300000|  0%| F|  |TAMS 0x0000000085200000, 0x0000000085200000| Untracked 
|  55|0x0000000085300000, 0x0000000085300000, 0x0000000085400000|  0%| F|  |TAMS 0x0000000085300000, 0x0000000085300000| Untracked 
|  56|0x0000000085400000, 0x0000000085400000, 0x0000000085500000|  0%| F|  |TAMS 0x0000000085400000, 0x0000000085400000| Untracked 
|  57|0x0000000085500000, 0x0000000085500000, 0x0000000085600000|  0%| F|  |TAMS 0x0000000085500000, 0x0000000085500000| Untracked 
|  58|0x0000000085600000, 0x0000000085600000, 0x0000000085700000|  0%| F|  |TAMS 0x0000000085600000, 0x0000000085600000| Untracked 
|  59|0x0000000085700000, 0x0000000085700000, 0x0000000085800000|  0%| F|  |TAMS 0x0000000085700000, 0x0000000085700000| Untracked 
|  60|0x0000000085800000, 0x0000000085800000, 0x0000000085900000|  0%| F|  |TAMS 0x0000000085800000, 0x0000000085800000| Untracked 
|  61|0x0000000085900000, 0x0000000085900000, 0x0000000085a00000|  0%| F|  |TAMS 0x0000000085900000, 0x0000000085900000| Untracked 
|  62|0x0000000085a00000, 0x0000000085a00000, 0x0000000085b00000|  0%| F|  |TAMS 0x0000000085a00000, 0x0000000085a00000| Untracked 
|  63|0x0000000085b00000, 0x0000000085b00000, 0x0000000085c00000|  0%| F|  |TAMS 0x0000000085b00000, 0x0000000085b00000| Untracked 
|  64|0x0000000085c00000, 0x0000000085c00000, 0x0000000085d00000|  0%| F|  |TAMS 0x0000000085c00000, 0x0000000085c00000| Untracked 
|  65|0x0000000085d00000, 0x0000000085d00000, 0x0000000085e00000|  0%| F|  |TAMS 0x0000000085d00000, 0x0000000085d00000| Untracked 
|  66|0x0000000085e00000, 0x0000000085e00000, 0x0000000085f00000|  0%| F|  |TAMS 0x0000000085e00000, 0x0000000085e00000| Untracked 
|  67|0x0000000085f00000, 0x0000000085f00000, 0x0000000086000000|  0%| F|  |TAMS 0x0000000085f00000, 0x0000000085f00000| Untracked 
|  68|0x0000000086000000, 0x0000000086000000, 0x0000000086100000|  0%| F|  |TAMS 0x0000000086000000, 0x0000000086000000| Untracked 
|  69|0x0000000086100000, 0x0000000086100000, 0x0000000086200000|  0%| F|  |TAMS 0x0000000086100000, 0x0000000086100000| Untracked 
|  70|0x0000000086200000, 0x0000000086200000, 0x0000000086300000|  0%| F|  |TAMS 0x0000000086200000, 0x0000000086200000| Untracked 
|  71|0x0000000086300000, 0x0000000086300000, 0x0000000086400000|  0%| F|  |TAMS 0x0000000086300000, 0x0000000086300000| Untracked 
|  72|0x0000000086400000, 0x0000000086400000, 0x0000000086500000|  0%| F|  |TAMS 0x0000000086400000, 0x0000000086400000| Untracked 
|  73|0x0000000086500000, 0x0000000086500000, 0x0000000086600000|  0%| F|  |TAMS 0x0000000086500000, 0x0000000086500000| Untracked 
|  74|0x0000000086600000, 0x0000000086600000, 0x0000000086700000|  0%| F|  |TAMS 0x0000000086600000, 0x0000000086600000| Untracked 
|  75|0x0000000086700000, 0x0000000086700000, 0x0000000086800000|  0%| F|  |TAMS 0x0000000086700000, 0x0000000086700000| Untracked 
|  76|0x0000000086800000, 0x0000000086800000, 0x0000000086900000|  0%| F|  |TAMS 0x0000000086800000, 0x0000000086800000| Untracked 
|  77|0x0000000086900000, 0x0000000086900000, 0x0000000086a00000|  0%| F|  |TAMS 0x0000000086900000, 0x0000000086900000| Untracked 
|  78|0x0000000086a00000, 0x0000000086a00000, 0x0000000086b00000|  0%| F|  |TAMS 0x0000000086a00000, 0x0000000086a00000| Untracked 
|  79|0x0000000086b00000, 0x0000000086b00000, 0x0000000086c00000|  0%| F|  |TAMS 0x0000000086b00000, 0x0000000086b00000| Untracked 
|  80|0x0000000086c00000, 0x0000000086c00000, 0x0000000086d00000|  0%| F|  |TAMS 0x0000000086c00000, 0x0000000086c00000| Untracked 
|  81|0x0000000086d00000, 0x0000000086d00000, 0x0000000086e00000|  0%| F|  |TAMS 0x0000000086d00000, 0x0000000086d00000| Untracked 
|  82|0x0000000086e00000, 0x0000000086e00000, 0x0000000086f00000|  0%| F|  |TAMS 0x0000000086e00000, 0x0000000086e00000| Untracked 
|  83|0x0000000086f00000, 0x0000000086f00000, 0x0000000087000000|  0%| F|  |TAMS 0x0000000086f00000, 0x0000000086f00000| Untracked 
|  84|0x0000000087000000, 0x0000000087000000, 0x0000000087100000|  0%| F|  |TAMS 0x0000000087000000, 0x0000000087000000| Untracked 
|  85|0x0000000087100000, 0x0000000087100000, 0x0000000087200000|  0%| F|  |TAMS 0x0000000087100000, 0x0000000087100000| Untracked 
|  86|0x0000000087200000, 0x0000000087200000, 0x0000000087300000|  0%| F|  |TAMS 0x0000000087200000, 0x0000000087200000| Untracked 
|  87|0x0000000087300000, 0x0000000087300000, 0x0000000087400000|  0%| F|  |TAMS 0x0000000087300000, 0x0000000087300000| Untracked 
|  88|0x0000000087400000, 0x0000000087400000, 0x0000000087500000|  0%| F|  |TAMS 0x0000000087400000, 0x0000000087400000| Untracked 
|  89|0x0000000087500000, 0x0000000087500000, 0x0000000087600000|  0%| F|  |TAMS 0x0000000087500000, 0x0000000087500000| Untracked 
|  90|0x0000000087600000, 0x0000000087600000, 0x0000000087700000|  0%| F|  |TAMS 0x0000000087600000, 0x0000000087600000| Untracked 
|  91|0x0000000087700000, 0x0000000087700000, 0x0000000087800000|  0%| F|  |TAMS 0x0000000087700000, 0x0000000087700000| Untracked 
|  92|0x0000000087800000, 0x0000000087800000, 0x0000000087900000|  0%| F|  |TAMS 0x0000000087800000, 0x0000000087800000| Untracked 
|  93|0x0000000087900000, 0x0000000087900000, 0x0000000087a00000|  0%| F|  |TAMS 0x0000000087900000, 0x0000000087900000| Untracked 
|  94|0x0000000087a00000, 0x0000000087a00000, 0x0000000087b00000|  0%| F|  |TAMS 0x0000000087a00000, 0x0000000087a00000| Untracked 
|  95|0x0000000087b00000, 0x0000000087b00000, 0x0000000087c00000|  0%| F|  |TAMS 0x0000000087b00000, 0x0000000087b00000| Untracked 
|  96|0x0000000087c00000, 0x0000000087c00000, 0x0000000087d00000|  0%| F|  |TAMS 0x0000000087c00000, 0x0000000087c00000| Untracked 
|  97|0x0000000087d00000, 0x0000000087d00000, 0x0000000087e00000|  0%| F|  |TAMS 0x0000000087d00000, 0x0000000087d00000| Untracked 
|  98|0x0000000087e00000, 0x0000000087e00000, 0x0000000087f00000|  0%| F|  |TAMS 0x0000000087e00000, 0x0000000087e00000| Untracked 
|  99|0x0000000087f00000, 0x0000000087f00000, 0x0000000088000000|  0%| F|  |TAMS 0x0000000087f00000, 0x0000000087f00000| Untracked 
| 100|0x0000000088000000, 0x0000000088000000, 0x0000000088100000|  0%| F|  |TAMS 0x0000000088000000, 0x0000000088000000| Untracked 
| 101|0x0000000088100000, 0x0000000088100000, 0x0000000088200000|  0%| F|  |TAMS 0x0000000088100000, 0x0000000088100000| Untracked 
| 102|0x0000000088200000, 0x0000000088300000, 0x0000000088300000|100%| S|CS|TAMS 0x0000000088200000, 0x0000000088200000| Complete 
| 103|0x0000000088300000, 0x0000000088400000, 0x0000000088400000|100%| S|CS|TAMS 0x0000000088300000, 0x0000000088300000| Complete 
| 104|0x0000000088400000, 0x0000000088500000, 0x0000000088500000|100%| S|CS|TAMS 0x0000000088400000, 0x0000000088400000| Complete 
| 105|0x0000000088500000, 0x0000000088500000, 0x0000000088600000|  0%| F|  |TAMS 0x0000000088500000, 0x0000000088500000| Untracked 
| 106|0x0000000088600000, 0x0000000088600000, 0x0000000088700000|  0%| F|  |TAMS 0x0000000088600000, 0x0000000088600000| Untracked 
| 107|0x0000000088700000, 0x0000000088700000, 0x0000000088800000|  0%| F|  |TAMS 0x0000000088700000, 0x0000000088700000| Untracked 
| 108|0x0000000088800000, 0x0000000088800000, 0x0000000088900000|  0%| F|  |TAMS 0x0000000088800000, 0x0000000088800000| Untracked 
| 109|0x0000000088900000, 0x0000000088900000, 0x0000000088a00000|  0%| F|  |TAMS 0x0000000088900000, 0x0000000088900000| Untracked 
| 110|0x0000000088a00000, 0x0000000088a00000, 0x0000000088b00000|  0%| F|  |TAMS 0x0000000088a00000, 0x0000000088a00000| Untracked 
| 111|0x0000000088b00000, 0x0000000088b00000, 0x0000000088c00000|  0%| F|  |TAMS 0x0000000088b00000, 0x0000000088b00000| Untracked 
| 112|0x0000000088c00000, 0x0000000088c00000, 0x0000000088d00000|  0%| F|  |TAMS 0x0000000088c00000, 0x0000000088c00000| Untracked 
| 113|0x0000000088d00000, 0x0000000088d00000, 0x0000000088e00000|  0%| F|  |TAMS 0x0000000088d00000, 0x0000000088d00000| Untracked 
| 114|0x0000000088e00000, 0x0000000088e00000, 0x0000000088f00000|  0%| F|  |TAMS 0x0000000088e00000, 0x0000000088e00000| Untracked 
| 115|0x0000000088f00000, 0x0000000088f00000, 0x0000000089000000|  0%| F|  |TAMS 0x0000000088f00000, 0x0000000088f00000| Untracked 
| 116|0x0000000089000000, 0x0000000089000000, 0x0000000089100000|  0%| F|  |TAMS 0x0000000089000000, 0x0000000089000000| Untracked 
| 117|0x0000000089100000, 0x0000000089100000, 0x0000000089200000|  0%| F|  |TAMS 0x0000000089100000, 0x0000000089100000| Untracked 
| 118|0x0000000089200000, 0x0000000089200000, 0x0000000089300000|  0%| F|  |TAMS 0x0000000089200000, 0x0000000089200000| Untracked 
| 119|0x0000000089300000, 0x0000000089300000, 0x0000000089400000|  0%| F|  |TAMS 0x0000000089300000, 0x0000000089300000| Untracked 
| 120|0x0000000089400000, 0x0000000089400000, 0x0000000089500000|  0%| F|  |TAMS 0x0000000089400000, 0x0000000089400000| Untracked 
| 121|0x0000000089500000, 0x0000000089500000, 0x0000000089600000|  0%| F|  |TAMS 0x0000000089500000, 0x0000000089500000| Untracked 
| 122|0x0000000089600000, 0x0000000089600000, 0x0000000089700000|  0%| F|  |TAMS 0x0000000089600000, 0x0000000089600000| Untracked 
| 123|0x0000000089700000, 0x0000000089700000, 0x0000000089800000|  0%| F|  |TAMS 0x0000000089700000, 0x0000000089700000| Untracked 
| 124|0x0000000089800000, 0x0000000089800800, 0x0000000089900000|  0%| E|  |TAMS 0x0000000089800000, 0x0000000089800000| Complete 
| 125|0x0000000089900000, 0x0000000089a00000, 0x0000000089a00000|100%| E|CS|TAMS 0x0000000089900000, 0x0000000089900000| Complete 
| 126|0x0000000089a00000, 0x0000000089b00000, 0x0000000089b00000|100%| E|CS|TAMS 0x0000000089a00000, 0x0000000089a00000| Complete 
| 127|0x0000000089b00000, 0x0000000089c00000, 0x0000000089c00000|100%| E|CS|TAMS 0x0000000089b00000, 0x0000000089b00000| Complete 

Card table byte_map: [0x000002ba791b0000,0x000002ba795b0000] _byte_map_base: 0x000002ba78da2000

Marking Bits (Prev, Next): (CMBitMap*) 0x000002ba6e9704a0, (CMBitMap*) 0x000002ba6e9704e0
 Prev Bits: [0x000002ba799b0000, 0x000002ba7b940000)
 Next Bits: [0x000002ba7b940000, 0x000002ba7d8d0000)

Polling page: 0x000002ba78320000

Metaspace:

Usage:
  Non-class:     11.14 MB capacity,    11.03 MB (>99%) used,    93.59 KB ( <1%) free+waste,    14.94 KB ( <1%) overhead. 
      Class:      1.28 MB capacity,     1.22 MB ( 95%) used,    63.40 KB (  5%) free+waste,     5.50 KB ( <1%) overhead. 
       Both:     12.42 MB capacity,    12.25 MB ( 99%) used,   156.99 KB (  1%) free+waste,    20.44 KB ( <1%) overhead. 

Virtual space:
  Non-class space:       12.00 MB reserved,      11.25 MB ( 94%) committed 
      Class space:        1.00 GB reserved,       1.38 MB ( <1%) committed 
             Both:        1.01 GB reserved,      12.62 MB (  1%) committed 

Chunk freelists:
   Non-Class:  48.00 KB
       Class:  30.00 KB
        Both:  78.00 KB

MaxMetaspaceSize: 17179869184.00 GB
CompressedClassSpaceSize: 1.00 GB

CodeHeap 'non-profiled nmethods': size=120000Kb used=537Kb max_used=537Kb free=119462Kb
 bounds [0x000002ba07ad0000, 0x000002ba07d40000, 0x000002ba0f000000]
CodeHeap 'profiled nmethods': size=120000Kb used=3286Kb max_used=3286Kb free=116713Kb
 bounds [0x000002ba005a0000, 0x000002ba008e0000, 0x000002ba07ad0000]
CodeHeap 'non-nmethods': size=5760Kb used=1383Kb max_used=1408Kb free=4376Kb
 bounds [0x000002ba00000000, 0x000002ba00270000, 0x000002ba005a0000]
 total_blobs=2332 nmethods=1639 adapters=605
 compilation: enabled
              stopped_count=0, restarted_count=0
 full_count=0

Compilation events (20 events):
Event: 27.929 Thread 0x000002ba0f3cfbc0 1630       3       javax.media.j3d.Transform3D::lookAt (518 bytes)
Event: 27.931 Thread 0x000002ba0f3cfbc0 nmethod 1630 0x000002ba008d0310 code [0x000002ba008d0560, 0x000002ba008d0b38]
Event: 27.931 Thread 0x000002ba0f3cfbc0 1631       3       com.sun.j3d.utils.universe.SimpleUniverse::getViewingPlatform (10 bytes)
Event: 27.931 Thread 0x000002ba0f3cfbc0 nmethod 1631 0x000002ba008d0e10 code [0x000002ba008d0fa0, 0x000002ba008d10f8]
Event: 27.947 Thread 0x000002ba0f3cfbc0 1632       3       javax.media.j3d.TransformStructure$TransformData::<init> (20 bytes)
Event: 27.948 Thread 0x000002ba0f3cfbc0 nmethod 1632 0x000002ba008d1210 code [0x000002ba008d13c0, 0x000002ba008d1638]
Event: 27.948 Thread 0x000002ba0f3cfbc0 1633       3       javax.media.j3d.TransformStructure$TransformData::hashCode (8 bytes)
Event: 27.949 Thread 0x000002ba0f3cfbc0 nmethod 1633 0x000002ba008d1710 code [0x000002ba008d18c0, 0x000002ba008d1a88]
Event: 27.957 Thread 0x000002ba0f3cfbc0 1634       3       java.awt.event.KeyEvent::<init> (172 bytes)
Event: 27.963 Thread 0x000002ba0f3cfbc0 nmethod 1634 0x000002ba008d1b90 code [0x000002ba008d1e00, 0x000002ba008d2b58]
Event: 27.963 Thread 0x000002ba0f3cfbc0 1635       3       java.awt.event.InputEvent::getModifiersEx (8 bytes)
Event: 27.963 Thread 0x000002ba0f3cfbc0 nmethod 1635 0x000002ba008d2f10 code [0x000002ba008d30a0, 0x000002ba008d3198]
Event: 27.963 Thread 0x000002ba0f3cfbc0 1636       3       java.awt.KeyboardFocusManager::isProxyActive (13 bytes)
Event: 27.979 Thread 0x000002ba0f3cfbc0 nmethod 1636 0x000002ba008d3210 code [0x000002ba008d34a0, 0x000002ba008d3f48]
Event: 27.988 Thread 0x000002ba0f3cfbc0 1637       3       javax.swing.JComponent$IntVector::elementAt (7 bytes)
Event: 27.988 Thread 0x000002ba0f3cfbc0 nmethod 1637 0x000002ba008d4410 code [0x000002ba008d45a0, 0x000002ba008d46d8]
Event: 28.190 Thread 0x000002ba0f3cfbc0 1638   !   3       javax.media.j3d.MasterControl::processMessage (35 bytes)
Event: 28.191 Thread 0x000002ba0f3cfbc0 nmethod 1638 0x000002ba008d4790 code [0x000002ba008d4960, 0x000002ba008d4c08]
Event: 29.013 Thread 0x000002ba0f3cfbc0 1639       3       javax.swing.ArrayTable::get (80 bytes)
Event: 29.014 Thread 0x000002ba0f3cfbc0 nmethod 1639 0x000002ba008d4e10 code [0x000002ba008d5000, 0x000002ba008d57f8]

GC Heap History (2 events):
Event: 11.837 GC heap before
{Heap before GC invocations=0 (full 0):
 garbage-first heap   total 131072K, used 26624K [0x0000000081c00000, 0x0000000100000000)
  region size 1024K, 23 young (23552K), 0 survivors (0K)
 Metaspace       used 12047K, capacity 12177K, committed 12416K, reserved 1060864K
  class space    used 1223K, capacity 1282K, committed 1408K, reserved 1048576K
}
Event: 11.846 GC heap after
{Heap after GC invocations=1 (full 0):
 garbage-first heap   total 131072K, used 8574K [0x0000000081c00000, 0x0000000100000000)
  region size 1024K, 3 young (3072K), 3 survivors (3072K)
 Metaspace       used 12047K, capacity 12177K, committed 12416K, reserved 1060864K
  class space    used 1223K, capacity 1282K, committed 1408K, reserved 1048576K
}

Deoptimization events (20 events):
Event: 1.660 Thread 0x000002ba6e92eef0 Uncommon trap: trap_request=0xffffffc6 fr.pc=0x000002ba07b20fbc relative=0x00000000000002fc
Event: 1.660 Thread 0x000002ba6e92eef0 Uncommon trap: reason=bimorphic_or_optimized_type_check action=maybe_recompile pc=0x000002ba07b20fbc method=java.util.HashMap.getNode(Ljava/lang/Object;)Ljava/util/HashMap$Node; @ 128 c2
Event: 1.660 Thread 0x000002ba6e92eef0 DEOPT PACKING pc=0x000002ba07b20fbc sp=0x000000fb2f8fec70
Event: 1.660 Thread 0x000002ba6e92eef0 DEOPT UNPACKING pc=0x000002ba0004e42f sp=0x000000fb2f8feb78 mode 2
Event: 1.660 Thread 0x000002ba6e92eef0 Uncommon trap: trap_request=0xffffffc6 fr.pc=0x000002ba07b20fbc relative=0x00000000000002fc
Event: 1.660 Thread 0x000002ba6e92eef0 Uncommon trap: reason=bimorphic_or_optimized_type_check action=maybe_recompile pc=0x000002ba07b20fbc method=java.util.HashMap.getNode(Ljava/lang/Object;)Ljava/util/HashMap$Node; @ 128 c2
Event: 1.660 Thread 0x000002ba6e92eef0 DEOPT PACKING pc=0x000002ba07b20fbc sp=0x000000fb2f8fec70
Event: 1.660 Thread 0x000002ba6e92eef0 DEOPT UNPACKING pc=0x000002ba0004e42f sp=0x000000fb2f8feb78 mode 2
Event: 1.783 Thread 0x000002ba101840b0 Uncommon trap: trap_request=0xffffffde fr.pc=0x000002ba07b17888 relative=0x0000000000000a88
Event: 1.783 Thread 0x000002ba101840b0 Uncommon trap: reason=class_check action=maybe_recompile pc=0x000002ba07b17888 method=java.util.HashMap.putVal(ILjava/lang/Object;Ljava/lang/Object;ZZ)Ljava/lang/Object; @ 91 c2
Event: 1.783 Thread 0x000002ba101840b0 DEOPT PACKING pc=0x000002ba07b17888 sp=0x000000fb30dfdb80
Event: 1.783 Thread 0x000002ba101840b0 DEOPT UNPACKING pc=0x000002ba0004e42f sp=0x000000fb30dfdb20 mode 2
Event: 1.783 Thread 0x000002ba101840b0 Uncommon trap: trap_request=0xffffffde fr.pc=0x000002ba07b17888 relative=0x0000000000000a88
Event: 1.783 Thread 0x000002ba101840b0 Uncommon trap: reason=class_check action=maybe_recompile pc=0x000002ba07b17888 method=java.util.HashMap.putVal(ILjava/lang/Object;Ljava/lang/Object;ZZ)Ljava/lang/Object; @ 91 c2
Event: 1.783 Thread 0x000002ba101840b0 DEOPT PACKING pc=0x000002ba07b17888 sp=0x000000fb30dfdb80
Event: 1.783 Thread 0x000002ba101840b0 DEOPT UNPACKING pc=0x000002ba0004e42f sp=0x000000fb30dfdb20 mode 2
Event: 1.944 Thread 0x000002ba6e92eef0 Uncommon trap: trap_request=0xffffff45 fr.pc=0x000002ba07adebd8 relative=0x0000000000000058
Event: 1.944 Thread 0x000002ba6e92eef0 Uncommon trap: reason=unstable_if action=reinterpret pc=0x000002ba07adebd8 method=java.lang.String.isLatin1()Z @ 10 c2
Event: 1.944 Thread 0x000002ba6e92eef0 DEOPT PACKING pc=0x000002ba07adebd8 sp=0x000000fb2f8fd1f0
Event: 1.944 Thread 0x000002ba6e92eef0 DEOPT UNPACKING pc=0x000002ba0004e42f sp=0x000000fb2f8fd180 mode 2

Classes unloaded (0 events):
No events

Classes redefined (0 events):
No events

Internal exceptions (19 events):
Event: 0.224 Thread 0x000002ba6e92eef0 Exception <a 'sun/nio/fs/WindowsException'{0x0000000089bda590}> (0x0000000089bda590) 
thrown [./open/src/hotspot/share/prims/jni.cpp, line 578]
Event: 0.224 Thread 0x000002ba6e92eef0 Exception <a 'sun/nio/fs/WindowsException'{0x0000000089bdaa80}> (0x0000000089bdaa80) 
thrown [./open/src/hotspot/share/prims/jni.cpp, line 578]
Event: 0.400 Thread 0x000002ba1017a810 Exception <a 'java/lang/NoSuchMethodError'{0x0000000089708aa0}: 'java.lang.Object java.lang.invoke.DirectMethodHandle$Holder.invokeStatic(java.lang.Object)'> (0x0000000089708aa0) 
thrown [./open/src/hotspot/share/interpreter/linkResolver.cpp, line 782]
Event: 0.401 Thread 0x000002ba1017a810 Exception <a 'java/lang/NoSuchMethodError'{0x000000008970c3b0}: 'java.lang.Object java.lang.invoke.DirectMethodHandle$Holder.invokeStaticInit(java.lang.Object)'> (0x000000008970c3b0) 
thrown [./open/src/hotspot/share/interpreter/linkResolver.cpp, line 782]
Event: 0.416 Thread 0x000002ba1017a810 Exception <a 'java/lang/NoSuchMethodError'{0x0000000089719758}: 'void java.lang.invoke.DirectMethodHandle$Holder.invokeStatic(java.lang.Object, java.lang.Object)'> (0x0000000089719758) 
thrown [./open/src/hotspot/share/interpreter/linkResolver.cpp, line 782]
Event: 0.442 Thread 0x000002ba6e92eef0 Exception <a 'java/lang/NoSuchMethodError'{0x0000000089655c38}: 'void java.lang.invoke.DirectMethodHandle$Holder.invokeStaticInit(java.lang.Object, java.lang.Object)'> (0x0000000089655c38) 
thrown [./open/src/hotspot/share/interpreter/linkResolver.cpp, line 782]
Event: 0.563 Thread 0x000002ba6e92eef0 Exception <a 'java/lang/NoSuchMethodError'{0x00000000895cb7b8}: 'void java.lang.invoke.DirectMethodHandle$Holder.invokeSpecial(java.lang.Object, java.lang.Object, java.lang.Object)'> (0x00000000895cb7b8) 
thrown [./open/src/hotspot/share/interpreter/linkResolver.cpp, line 782]
Event: 0.578 Thread 0x000002ba6e92eef0 Exception <a 'java/lang/ClassNotFoundException'{0x00000000895e1650}: sun/awt/resources/spi/awtProvider> (0x00000000895e1650) 
thrown [./open/src/hotspot/share/classfile/systemDictionary.cpp, line 295]
Event: 0.627 Thread 0x000002ba6e92eef0 Exception <a 'java/io/FileNotFoundException'{0x000000008942f600}> (0x000000008942f600) 
thrown [./open/src/hotspot/share/prims/jni.cpp, line 578]
Event: 0.644 Thread 0x000002ba6e92eef0 Exception <a 'java/io/FileNotFoundException'{0x000000008945e018}> (0x000000008945e018) 
thrown [./open/src/hotspot/share/prims/jni.cpp, line 578]
Event: 0.891 Thread 0x000002ba6e92eef0 Exception <a 'java/lang/NoSuchMethodError'{0x000000008932d120}: 'java.lang.Object java.lang.invoke.DirectMethodHandle$Holder.newInvokeSpecial(java.lang.Object, java.lang.Object, java.lang.Object, java.lang.Object, java.lang.Object)'> (0x000000008932d120) 
thrown [./open/src/hotspot/share/interpreter/linkResolver.cpp, line 782]
Event: 0.893 Thread 0x000002ba6e92eef0 Exception <a 'java/lang/NoSuchMethodError'{0x0000000089338bb0}: 'java.lang.Object java.lang.invoke.DirectMethodHandle$Holder.invokeStatic(java.lang.Object, int, java.lang.Object, java.lang.Object, java.lang.Object, java.lang.Object)'> (0x0000000089338bb0) 
thrown [./open/src/hotspot/share/interpreter/linkResolver.cpp, line 782]
Event: 0.903 Thread 0x000002ba6e92eef0 Exception <a 'java/lang/NoSuchMethodError'{0x000000008935ee28}: 'java.lang.Object java.lang.invoke.DirectMethodHandle$Holder.invokeStatic(java.lang.Object, int, java.lang.Object)'> (0x000000008935ee28) 
thrown [./open/src/hotspot/share/interpreter/linkResolver.cpp, line 782]
Event: 0.981 Thread 0x000002ba6e92eef0 Exception <a 'java/lang/ClassNotFoundException'{0x0000000089216f30}: com/sun/swing/internal/plaf/metal/resources/spi/metalProvider> (0x0000000089216f30) 
thrown [./open/src/hotspot/share/classfile/systemDictionary.cpp, line 295]
Event: 0.986 Thread 0x000002ba6e92eef0 Exception <a 'java/lang/ClassNotFoundException'{0x000000008921af40}: com/sun/swing/internal/plaf/basic/resources/spi/basicProvider> (0x000000008921af40) 
thrown [./open/src/hotspot/share/classfile/systemDictionary.cpp, line 295]
Event: 1.009 Thread 0x000002ba6e92eef0 Implicit null exception at 0x000002ba07af7be0 to 0x000002ba07af7c76
Event: 1.024 Thread 0x000002ba6e92eef0 Implicit null exception at 0x000002ba07b0f40e to 0x000002ba07b0f670
Event: 1.024 Thread 0x000002ba6e92eef0 Implicit null exception at 0x000002ba07ae8baf to 0x000002ba07ae8c29
Event: 1.905 Thread 0x000002ba6e92eef0 Exception <a 'java/lang/NoSuchMethodError'{0x00000000888b6448}: 'void java.lang.invoke.DirectMethodHandle$Holder.invokeStaticInit(java.lang.Object)'> (0x00000000888b6448) 
thrown [./open/src/hotspot/share/interpreter/linkResolver.cpp, line 782]

Events (20 events):
Event: 18.485 loading class javax/swing/Popup$HeavyWeightWindow done
Event: 19.915 Executing VM operation: HandshakeAllThreads
Event: 19.915 Executing VM operation: HandshakeAllThreads done
Event: 20.925 Executing VM operation: HandshakeAllThreads
Event: 20.926 Executing VM operation: HandshakeAllThreads done
Event: 21.678 Loaded shared library C:\Program Files\Java\jdk-15.0.1\bin\java.dll
Event: 21.931 Executing VM operation: HandshakeAllThreads
Event: 21.931 Executing VM operation: HandshakeAllThreads done
Event: 22.934 Executing VM operation: HandshakeAllThreads
Event: 22.934 Executing VM operation: HandshakeAllThreads done
Event: 23.943 Executing VM operation: HandshakeAllThreads
Event: 23.943 Executing VM operation: HandshakeAllThreads done
Event: 24.959 Executing VM operation: HandshakeAllThreads
Event: 24.959 Executing VM operation: HandshakeAllThreads done
Event: 25.978 Executing VM operation: HandshakeAllThreads
Event: 25.978 Executing VM operation: HandshakeAllThreads done
Event: 27.053 Executing VM operation: HandshakeAllThreads
Event: 27.441 Executing VM operation: HandshakeAllThreads done
Event: 28.454 Executing VM operation: HandshakeAllThreads
Event: 28.454 Executing VM operation: HandshakeAllThreads done


Dynamic libraries:
0x00007ff7a9bc0000 - 0x00007ff7a9bcf000 	C:\Program Files\Java\jdk-15.0.1\bin\java.exe
0x00007ff80a550000 - 0x00007ff80a745000 	C:\Windows\SYSTEM32\ntdll.dll
0x00007ff8089a0000 - 0x00007ff808a5d000 	C:\Windows\System32\KERNEL32.DLL
0x00007ff807f80000 - 0x00007ff808249000 	C:\Windows\System32\KERNELBASE.dll
0x00007ff8084b0000 - 0x00007ff8085b0000 	C:\Windows\System32\ucrtbase.dll
0x00007fffffb80000 - 0x00007fffffb99000 	C:\Program Files\Java\jdk-15.0.1\bin\VCRUNTIME140.dll
0x00007ff801620000 - 0x00007ff801638000 	C:\Program Files\Java\jdk-15.0.1\bin\jli.dll
0x00007ff808760000 - 0x00007ff80880c000 	C:\Windows\System32\ADVAPI32.dll
0x00007ff80a1b0000 - 0x00007ff80a24e000 	C:\Windows\System32\msvcrt.dll
0x00007ff809460000 - 0x00007ff8094fc000 	C:\Windows\System32\sechost.dll
0x00007ff808870000 - 0x00007ff80899b000 	C:\Windows\System32\RPCRT4.dll
0x00007ff809a50000 - 0x00007ff809bf0000 	C:\Windows\System32\USER32.dll
0x00007ff807f50000 - 0x00007ff807f72000 	C:\Windows\System32\win32u.dll
0x00007ff8070b0000 - 0x00007ff80734a000 	C:\Windows\WinSxS\amd64_microsoft.windows.common-controls_6595b64144ccf1df_6.0.19041.844_none_ca00b6081b84eb1d\COMCTL32.dll
0x00007ff809340000 - 0x00007ff80936a000 	C:\Windows\System32\GDI32.dll
0x00007ff807da0000 - 0x00007ff807eab000 	C:\Windows\System32\gdi32full.dll
0x00007ff807eb0000 - 0x00007ff807f4d000 	C:\Windows\System32\msvcp_win.dll
0x00007ff800030000 - 0x00007ff80003a000 	C:\Windows\SYSTEM32\VERSION.dll
0x00007ff8085b0000 - 0x00007ff8085e0000 	C:\Windows\System32\IMM32.DLL
0x00007ff8016e0000 - 0x00007ff8016ec000 	C:\Program Files\Java\jdk-15.0.1\bin\vcruntime140_1.dll
0x00007fffe9f70000 - 0x00007fffea001000 	C:\Program Files\Java\jdk-15.0.1\bin\msvcp140.dll
0x00007fffa5880000 - 0x00007fffa63de000 	C:\Program Files\Java\jdk-15.0.1\bin\server\jvm.dll
0x00007ff809d30000 - 0x00007ff809d38000 	C:\Windows\System32\PSAPI.DLL
0x00007fffeccf0000 - 0x00007fffeccf9000 	C:\Windows\SYSTEM32\WSOCK32.dll
0x00007ff809370000 - 0x00007ff8093db000 	C:\Windows\System32\WS2_32.dll
0x00007ffff5740000 - 0x00007ffff5767000 	C:\Windows\SYSTEM32\WINMM.dll
0x00007ff804dc0000 - 0x00007ff804dd2000 	C:\Windows\SYSTEM32\kernel.appcore.dll
0x00007ff8015a0000 - 0x00007ff8015aa000 	C:\Program Files\Java\jdk-15.0.1\bin\jimage.dll
0x00007ff8076c0000 - 0x00007ff8078a4000 	C:\Windows\SYSTEM32\DBGHELP.DLL
0x00007ff807610000 - 0x00007ff80763c000 	C:\Windows\SYSTEM32\dbgcore.DLL
0x00007ff808430000 - 0x00007ff8084b0000 	C:\Windows\System32\bcryptPrimitives.dll
0x00007fffffb70000 - 0x00007fffffb7e000 	C:\Program Files\Java\jdk-15.0.1\bin\instrument.dll
0x00007fffff6c0000 - 0x00007fffff6e5000 	C:\Program Files\Java\jdk-15.0.1\bin\java.dll
0x00007ff808bf0000 - 0x00007ff809332000 	C:\Windows\System32\SHELL32.dll
0x00007ff804fc0000 - 0x00007ff805750000 	C:\Windows\SYSTEM32\windows.storage.dll
0x00007ff809640000 - 0x00007ff809995000 	C:\Windows\System32\combase.dll
0x00007ff806f40000 - 0x00007ff806f6c000 	C:\Windows\SYSTEM32\Wldp.dll
0x00007ff80a2b0000 - 0x00007ff80a35e000 	C:\Windows\System32\SHCORE.dll
0x00007ff808810000 - 0x00007ff808865000 	C:\Windows\System32\shlwapi.dll
0x00007ff807bd0000 - 0x00007ff807bef000 	C:\Windows\SYSTEM32\profapi.dll
0x00007fffffb50000 - 0x00007fffffb69000 	C:\Program Files\Java\jdk-15.0.1\bin\net.dll
0x00007ffffcc30000 - 0x00007ffffcd3c000 	C:\Windows\SYSTEM32\WINHTTP.dll
0x00007ff806d30000 - 0x00007ff806d9a000 	C:\Windows\system32\mswsock.dll
0x00007fffffab0000 - 0x00007fffffac2000 	C:\Program Files\Java\jdk-15.0.1\bin\nio.dll
0x00007fffeb590000 - 0x00007fffeb5a8000 	C:\Program Files\Java\jdk-15.0.1\bin\zip.dll
0x00007fffea930000 - 0x00007fffea94a000 	C:\Program Files\JetBrains\IntelliJ IDEA Community Edition 2020.3.2\bin\breakgen64.dll
0x00007fffd2920000 - 0x00007fffd2aa0000 	C:\Program Files\Java\jdk-15.0.1\bin\awt.dll
0x00007ff808600000 - 0x00007ff8086cd000 	C:\Windows\System32\OLEAUT32.dll
0x00007ff804850000 - 0x00007ff8048e0000 	C:\Windows\SYSTEM32\apphelp.dll
0x00007ff804be0000 - 0x00007ff804c0f000 	C:\Windows\system32\DWMAPI.DLL
0x00007ff8049e0000 - 0x00007ff804a7e000 	C:\Windows\system32\uxtheme.dll
0x00007fffda3b0000 - 0x00007fffda4d6000 	C:\Windows\system32\opengl32.dll
0x00007fffdace0000 - 0x00007fffdad0c000 	C:\Windows\SYSTEM32\GLU32.dll
0x00007ff808ad0000 - 0x00007ff808be5000 	C:\Windows\System32\MSCTF.dll
0x00007ff809510000 - 0x00007ff80963a000 	C:\Windows\System32\ole32.dll
0x00007fffff880000 - 0x00007fffff890000 	C:\Program Files\Java\jdk-15.0.1\bin\verify.dll
0x00007fffff6b0000 - 0x00007fffff6b7000 	C:\Program Files\Java\jdk-15.0.1\bin\jawt.dll
0x0000000010000000 - 0x000000001003e000 	C:\Program Files\Java\jdk-15.0.1\bin\j3dcore-ogl.dll
0x00007ff8099a0000 - 0x00007ff809a49000 	C:\Windows\System32\clbcatq.dll
0x00007ff800220000 - 0x00007ff80031a000 	C:\Windows\System32\AppXDeploymentClient.dll
0x00007fffa36b0000 - 0x00007fffa454d000 	C:\Windows\System32\DriverStore\FileRepository\igdlh64.inf_amd64_2681fc9dedd95cd9\ig9icd64.dll
0x00007ff802ce0000 - 0x00007ff802cf4000 	C:\Windows\SYSTEM32\WTSAPI32.dll
0x00007ff806050000 - 0x00007ff806143000 	C:\Windows\SYSTEM32\dxgi.dll
0x00007ffffdc60000 - 0x00007ffffdc9b000 	C:\Windows\SYSTEM32\dxcore.dll
0x00007ff808280000 - 0x00007ff8082ce000 	C:\Windows\System32\cfgmgr32.dll
0x00007ffffb600000 - 0x00007ffffcc30000 	C:\Windows\System32\DriverStore\FileRepository\igdlh64.inf_amd64_2681fc9dedd95cd9\igc64.dll
0x00007ff8078b0000 - 0x00007ff8078fb000 	C:\Windows\SYSTEM32\powrprof.dll
0x00007ff807430000 - 0x00007ff807442000 	C:\Windows\SYSTEM32\UMPDC.dll
0x00007fffe91d0000 - 0x00007fffe9255000 	C:\Program Files\Java\jdk-15.0.1\bin\freetype.dll
0x00007fffe4de0000 - 0x00007fffe4e89000 	C:\Program Files\Java\jdk-15.0.1\bin\fontmanager.dll
0x00007ffffb330000 - 0x00007ffffb42b000 	C:\Windows\SYSTEM32\textinputframework.dll
0x00007ff8041b0000 - 0x00007ff80450e000 	C:\Windows\System32\CoreUIComponents.dll
0x00007ff804510000 - 0x00007ff804602000 	C:\Windows\System32\CoreMessaging.dll
0x00007ff8079e0000 - 0x00007ff807a13000 	C:\Windows\SYSTEM32\ntmarta.dll
0x00007ff802e40000 - 0x00007ff802f94000 	C:\Windows\SYSTEM32\wintypes.dll
0x00007fffcfe70000 - 0x00007fffd0048000 	C:\Users\izogi\AppData\Roaming\discord\0.0.309\modules\discord_hook\2e1ff455c11\DiscordHook64.dll
0x00007ff807d40000 - 0x00007ff807da0000 	C:\Windows\System32\WINTRUST.dll
0x00007ff8082d0000 - 0x00007ff80842f000 	C:\Windows\System32\CRYPT32.dll
0x00007ff806a40000 - 0x00007ff806a7b000 	C:\Windows\SYSTEM32\IPHLPAPI.DLL
0x00007ff807b90000 - 0x00007ff807bbe000 	C:\Windows\SYSTEM32\USERENV.dll
0x00007ff807450000 - 0x00007ff807462000 	C:\Windows\SYSTEM32\MSASN1.dll
0x00007ff802fa0000 - 0x00007ff8033fd000 	C:\Windows\SYSTEM32\D3DCompiler_47.dll
0x00007ff807a20000 - 0x00007ff807a38000 	C:\Windows\SYSTEM32\CRYPTSP.dll
0x00007ff8039c0000 - 0x00007ff803c24000 	C:\Windows\SYSTEM32\d3d11.dll
0x00007ffff7e30000 - 0x00007ffff9995000 	C:\Windows\System32\DriverStore\FileRepository\igdlh64.inf_amd64_2681fc9dedd95cd9\igd10iumd64.dll
0x00007ff808250000 - 0x00007ff808277000 	C:\Windows\System32\bcrypt.dll
0x00007ff807080000 - 0x00007ff8070a7000 	C:\Windows\SYSTEM32\ncrypt.dll
0x00007ff807040000 - 0x00007ff80707b000 	C:\Windows\SYSTEM32\NTASN1.dll

dbghelp: loaded successfully - version: 4.0.5 - missing functions: none
symbol engine: initialized successfully - sym options: 0x614 - pdb path: .;C:\Program Files\Java\jdk-15.0.1\bin;C:\Windows\SYSTEM32;C:\Windows\WinSxS\amd64_microsoft.windows.common-controls_6595b64144ccf1df_6.0.19041.844_none_ca00b6081b84eb1d;C:\Program Files\Java\jdk-15.0.1\bin\server;C:\Program Files\JetBrains\IntelliJ IDEA Community Edition 2020.3.2\bin;C:\Windows\System32\DriverStore\FileRepository\igdlh64.inf_amd64_2681fc9dedd95cd9;C:\Users\izogi\AppData\Roaming\discord\0.0.309\modules\discord_hook\2e1ff455c11

VM Arguments:
jvm_args: --module-path=../java3d/1.5.1/lib/ext -javaagent:C:\Program Files\JetBrains\IntelliJ IDEA Community Edition 2020.3.2\lib\idea_rt.jar=54302:C:\Program Files\JetBrains\IntelliJ IDEA Community Edition 2020.3.2\bin -Dfile.encoding=UTF-8 
java_command: com.company.Main
java_class_path (initial): C:\Users\izogi\IdeaProjects\lab4\out\production\lab4;C:\Users\izogi\IdeaProjects\java3d\1.5.1\lib\ext\j3dcore.jar;C:\Users\izogi\IdeaProjects\java3d\1.5.1\lib\ext\vecmath.jar;C:\Users\izogi\IdeaProjects\java3d\1.5.1\lib\ext\j3dutils.jar
Launcher Type: SUN_STANDARD

[Global flags]
     intx CICompilerCount                          = 4                                         {product} {ergonomic}
     uint ConcGCThreads                            = 2                                         {product} {ergonomic}
     uint G1ConcRefinementThreads                  = 8                                         {product} {ergonomic}
   size_t G1HeapRegionSize                         = 1048576                                   {product} {ergonomic}
    uintx GCDrainStackTargetSize                   = 64                                        {product} {ergonomic}
   size_t InitialHeapSize                          = 134217728                                 {product} {ergonomic}
   size_t MarkStackSize                            = 4194304                                   {product} {ergonomic}
   size_t MaxHeapSize                              = 2118123520                                {product} {ergonomic}
   size_t MaxNewSize                               = 1270874112                                {product} {ergonomic}
   size_t MinHeapDeltaBytes                        = 1048576                                   {product} {ergonomic}
   size_t MinHeapSize                              = 8388608                                   {product} {ergonomic}
    uintx NonNMethodCodeHeapSize                   = 5839372                                {pd product} {ergonomic}
    uintx NonProfiledCodeHeapSize                  = 122909434                              {pd product} {ergonomic}
    uintx ProfiledCodeHeapSize                     = 122909434                              {pd product} {ergonomic}
    uintx ReservedCodeCacheSize                    = 251658240                              {pd product} {ergonomic}
     bool SegmentedCodeCache                       = true                                      {product} {ergonomic}
   size_t SoftMaxHeapSize                          = 2118123520                             {manageable} {ergonomic}
     bool UseCompressedClassPointers               = true                                 {lp64_product} {ergonomic}
     bool UseCompressedOops                        = true                                 {lp64_product} {ergonomic}
     bool UseG1GC                                  = true                                      {product} {ergonomic}
     bool UseLargePagesIndividualAllocation        = false                                  {pd product} {ergonomic}

Logging:
Log output configuration:
 #0: stdout all=warning uptime,level,tags
 #1: stderr all=off uptime,level,tags

Environment Variables:
PATH=C:\ProgramData\Oracle\Java\javapath;c:\program files\common files\oracle\java\javapath;c:\python39\scripts\;c:\python39\;c:\windows\system32;c:\windows;c:\windows\system32\wbem;c:\windows\system32\windowspowershell\v1.0\;c:\windows\system32\openssh\;c:\program files\nodejs\;c:\program files\microsoft vs code\bin;c:\programdata\chocolatey\bin;c:\program files\nvidia corporation\nvidia nvdlisr;c:\program files\git\cmd;C:\Program Files (x86)\NVIDIA Corporation\PhysX\Common;C:\Program Files\Docker\Docker\resources\bin;C:\ProgramData\DockerDesktop\version-bin;C:\Users\izogi\AppData\Local\Microsoft\WindowsApps;C:\Users\izogi\AppData\Roaming\npm;C:\Users\izogi\AppData\Local\GitHubDesktop\bin;C:\Program Files\MongoDB\Server\4.4\bin;C:\Program Files\PostgreSQL\11\bin;;C:\Program Files\JetBrains\PyCharm Community Edition 2020.3.3\bin;
USERNAME=izogi
OS=Windows_NT
PROCESSOR_IDENTIFIER=Intel64 Family 6 Model 142 Stepping 10, GenuineIntel



---------------  S Y S T E M  ---------------

OS:
 Windows 10 , 64 bit Build 19041 (10.0.19041.804)
OS uptime: 8 days 14:47 hours
HyperV virtualization detected

CPU: total 8 (initial active 8) (4 cores per cpu, 2 threads per core) family 6 model 142 stepping 10 microcode 0xb4, cmov, cx8, fxsr, mmx, sse, sse2, sse3, ssse3, sse4.1, sse4.2, popcnt, vzeroupper, avx, avx2, aes, clmul, erms, 3dnowpref, lzcnt, ht, tsc, tscinvbit, bmi1, bmi2, adx, fma, clflush, clflushopt

Memory: 4k page, system-wide physical 8076M (475M free)
TotalPageFile size 24431M (AvailPageFile size 2452M)
current process WorkingSet (physical memory assigned to process): 1722M, peak: 1855M
current process commit charge ("private bytes"): 2472M, peak: 2472M

vm_info: Java HotSpot(TM) 64-Bit Server VM (15.0.1+9-18) for windows-amd64 JRE (15.0.1+9-18), built on Sep 15 2020 14:43:54 by "mach5one" with unknown MS VC++:1925

END.
